{
  message: 'Bot is ready! Logged in as Ecbot#8830',
  level: 'info',
  service: 'discord-bot',
  timestamp: '2025-09-18 00:08:07'
}
{
  message: 'Bot is in 3 guilds',
  level: 'info',
  service: 'discord-bot',
  timestamp: '2025-09-18 00:08:07'
}
{
  service: 'discord-bot',
  appId: '1390575948134350928',
  cfgId: '1390575948134350928',
  invite: 'https://discord.com/api/oauth2/authorize?client_id=1390575948134350928&scope=bot%20applications.commands&permissions=0',
  level: 'info',
  message: 'Discord IDs and Invite URL',
  timestamp: '2025-09-18 00:08:07'
}
{
  message: 'Loaded command: admin',
  level: 'info',
  service: 'discord-bot',
  timestamp: '2025-09-18 00:08:07'
}
{
  message: 'Loaded command: link',
  level: 'info',
  service: 'discord-bot',
  timestamp: '2025-09-18 00:08:07'
}
{
  message: 'Loaded command: shop',
  level: 'info',
  service: 'discord-bot',
  timestamp: '2025-09-18 00:08:07'
}
{
  message: 'Loaded 3 commands',
  level: 'info',
  service: 'discord-bot',
  timestamp: '2025-09-18 00:08:07'
}
{
  service: 'discord-bot',
  guildId: '1413584793542856856',
  level: 'info',
  message: 'Refreshing guild (/) commands',
  timestamp: '2025-09-18 00:08:07'
}
{
  service: 'discord-bot',
  guildId: '1413584793542856856',
  level: 'info',
  message: 'Successfully reloaded 3 guild (/) commands',
  timestamp: '2025-09-18 00:08:07'
}
{
  message: 'Refreshing global application (/) commands',
  level: 'info',
  service: 'discord-bot',
  timestamp: '2025-09-18 00:08:07'
}
{
  message: 'Successfully reloaded 3 global application (/) commands',
  level: 'info',
  service: 'discord-bot',
  timestamp: '2025-09-18 00:08:08'
}
{
  component: 'api',
  service: 'discord-bot',
  endpoint: '/api/bot-service/auth',
  method: 'POST',
  success: false,
  responseTime: '25ms',
  error: 'Request failed with status code 401',
  level: 'error',
  message: 'API call failed',
  timestamp: '2025-09-18 00:08:08'
}
{
  component: 'api',
  service: 'discord-bot',
  endpoint: '/api/bot-service/auth',
  method: 'POST',
  success: false,
  responseTime: '4ms',
  error: 'Request failed with status code 401',
  level: 'error',
  message: 'API call failed',
  timestamp: '2025-09-18 00:08:08'
}
{
  component: 'api',
  service: 'discord-bot',
  endpoint: '/api/bot-service/auth',
  method: 'POST',
  success: false,
  responseTime: '3ms',
  error: 'Request failed with status code 401',
  level: 'error',
  message: 'API call failed',
  timestamp: '2025-09-18 00:08:09'
}
{
  component: 'api',
  service: 'discord-bot',
  endpoint: '/api/bot-service/auth',
  method: 'POST',
  success: false,
  responseTime: '5ms',
  error: 'Request failed with status code 401',
  level: 'error',
  message: 'API call failed',
  timestamp: '2025-09-18 00:08:11'
}
{
  component: 'api',
  service: 'discord-bot',
  endpoint: '/api/bot-service/auth',
  method: 'POST',
  success: false,
  responseTime: '4ms',
  error: 'Request failed with status code 401',
  level: 'error',
  message: 'API call failed',
  timestamp: '2025-09-18 00:08:15'
}
{
  service: 'discord-bot',
  level: 'error',
  message: 'Failed to authenticate with backend API: Authentication failed after retries: Request failed with status code 401',
  stack: 'Error: Authentication failed after retries: Request failed with status code 401\n' +
    '    at BotApiService.authenticate (C:\\Users\\pmp\\Desktop\\EC-fina\\packages\\bot\\src\\services\\botApiService.ts:162:11)\n' +
    '    at processTicksAndRejections (node:internal/process/task_queues:105:5)\n' +
    '    at async ECBot.onReady (C:\\Users\\pmp\\Desktop\\EC-fina\\packages\\bot\\src\\index.ts:151:13)\n' +
    '    at async Client.<anonymous> (C:\\Users\\pmp\\Desktop\\EC-fina\\packages\\bot\\src\\index.ts:57:13)',
  timestamp: '2025-09-18 00:08:15'
}
{
  message: 'Bot initialization complete',
  level: 'info',
  service: 'discord-bot',
  timestamp: '2025-09-18 00:08:15'
}
{
  message: 'Received SIGINT, shutting down gracefully...',
  level: 'info',
  service: 'discord-bot',
  timestamp: '2025-09-18 00:08:23'
}
{
  message: 'Bot is ready! Logged in as Ecbot#8830',
  level: 'info',
  service: 'discord-bot',
  timestamp: '2025-09-18 00:08:41'
}
{
  message: 'Bot is in 3 guilds',
  level: 'info',
  service: 'discord-bot',
  timestamp: '2025-09-18 00:08:41'
}
{
  service: 'discord-bot',
  appId: '1390575948134350928',
  cfgId: '1390575948134350928',
  invite: 'https://discord.com/api/oauth2/authorize?client_id=1390575948134350928&scope=bot%20applications.commands&permissions=0',
  level: 'info',
  message: 'Discord IDs and Invite URL',
  timestamp: '2025-09-18 00:08:41'
}
{
  message: 'Loaded command: admin',
  level: 'info',
  service: 'discord-bot',
  timestamp: '2025-09-18 00:08:41'
}
{
  message: 'Loaded command: link',
  level: 'info',
  service: 'discord-bot',
  timestamp: '2025-09-18 00:08:41'
}
{
  message: 'Loaded command: shop',
  level: 'info',
  service: 'discord-bot',
  timestamp: '2025-09-18 00:08:41'
}
{
  message: 'Loaded 3 commands',
  level: 'info',
  service: 'discord-bot',
  timestamp: '2025-09-18 00:08:41'
}
{
  service: 'discord-bot',
  guildId: '1413584793542856856',
  level: 'info',
  message: 'Refreshing guild (/) commands',
  timestamp: '2025-09-18 00:08:41'
}
{
  service: 'discord-bot',
  guildId: '1413584793542856856',
  level: 'info',
  message: 'Successfully reloaded 3 guild (/) commands',
  timestamp: '2025-09-18 00:08:41'
}
{
  message: 'Refreshing global application (/) commands',
  level: 'info',
  service: 'discord-bot',
  timestamp: '2025-09-18 00:08:41'
}
{
  message: 'Successfully reloaded 3 global application (/) commands',
  level: 'info',
  service: 'discord-bot',
  timestamp: '2025-09-18 00:08:42'
}
{
  component: 'api',
  service: 'discord-bot',
  endpoint: '/api/bot-service/auth',
  method: 'POST',
  success: false,
  responseTime: '22ms',
  error: 'Request failed with status code 401',
  level: 'error',
  message: 'API call failed',
  timestamp: '2025-09-18 00:08:42'
}
{
  component: 'api',
  service: 'discord-bot',
  endpoint: '/api/bot-service/auth',
  method: 'POST',
  success: false,
  responseTime: '4ms',
  error: 'Request failed with status code 401',
  level: 'error',
  message: 'API call failed',
  timestamp: '2025-09-18 00:08:42'
}
{
  component: 'api',
  service: 'discord-bot',
  endpoint: '/api/bot-service/auth',
  method: 'POST',
  success: false,
  responseTime: '3ms',
  error: 'Request failed with status code 401',
  level: 'error',
  message: 'API call failed',
  timestamp: '2025-09-18 00:08:43'
}
{
  component: 'api',
  service: 'discord-bot',
  endpoint: '/api/bot-service/auth',
  method: 'POST',
  success: false,
  responseTime: '2ms',
  error: 'Request failed with status code 401',
  level: 'error',
  message: 'API call failed',
  timestamp: '2025-09-18 00:08:45'
}
{
  component: 'api',
  service: 'discord-bot',
  endpoint: '/api/bot-service/auth',
  method: 'POST',
  success: false,
  responseTime: '3ms',
  error: 'Request failed with status code 401',
  level: 'error',
  message: 'API call failed',
  timestamp: '2025-09-18 00:08:49'
}
{
  service: 'discord-bot',
  level: 'error',
  message: 'Failed to authenticate with backend API: Authentication failed after retries: Request failed with status code 401',
  stack: 'Error: Authentication failed after retries: Request failed with status code 401\n' +
    '    at BotApiService.authenticate (C:\\Users\\pmp\\Desktop\\EC-fina\\packages\\bot\\src\\services\\botApiService.ts:162:11)\n' +
    '    at processTicksAndRejections (node:internal/process/task_queues:105:5)\n' +
    '    at async ECBot.onReady (C:\\Users\\pmp\\Desktop\\EC-fina\\packages\\bot\\src\\index.ts:151:13)\n' +
    '    at async Client.<anonymous> (C:\\Users\\pmp\\Desktop\\EC-fina\\packages\\bot\\src\\index.ts:57:13)',
  timestamp: '2025-09-18 00:08:49'
}
{
  message: 'Bot initialization complete',
  level: 'info',
  service: 'discord-bot',
  timestamp: '2025-09-18 00:08:49'
}
{
  message: 'Received SIGINT, shutting down gracefully...',
  level: 'info',
  service: 'discord-bot',
  timestamp: '2025-09-18 00:09:52'
}
{
  message: 'Bot is ready! Logged in as Ecbot#8830',
  level: 'info',
  service: 'discord-bot',
  timestamp: '2025-09-18 00:10:02'
}
{
  message: 'Bot is in 3 guilds',
  level: 'info',
  service: 'discord-bot',
  timestamp: '2025-09-18 00:10:02'
}
{
  service: 'discord-bot',
  appId: '1390575948134350928',
  cfgId: '1390575948134350928',
  invite: 'https://discord.com/api/oauth2/authorize?client_id=1390575948134350928&scope=bot%20applications.commands&permissions=0',
  level: 'info',
  message: 'Discord IDs and Invite URL',
  timestamp: '2025-09-18 00:10:02'
}
{
  message: 'Loaded command: admin',
  level: 'info',
  service: 'discord-bot',
  timestamp: '2025-09-18 00:10:02'
}
{
  message: 'Loaded command: link',
  level: 'info',
  service: 'discord-bot',
  timestamp: '2025-09-18 00:10:02'
}
{
  message: 'Loaded command: shop',
  level: 'info',
  service: 'discord-bot',
  timestamp: '2025-09-18 00:10:02'
}
{
  message: 'Loaded 3 commands',
  level: 'info',
  service: 'discord-bot',
  timestamp: '2025-09-18 00:10:02'
}
{
  service: 'discord-bot',
  guildId: '1413584793542856856',
  level: 'info',
  message: 'Refreshing guild (/) commands',
  timestamp: '2025-09-18 00:10:02'
}
{
  service: 'discord-bot',
  guildId: '1413584793542856856',
  level: 'info',
  message: 'Successfully reloaded 3 guild (/) commands',
  timestamp: '2025-09-18 00:10:03'
}
{
  message: 'Refreshing global application (/) commands',
  level: 'info',
  service: 'discord-bot',
  timestamp: '2025-09-18 00:10:03'
}
{
  message: 'Successfully reloaded 3 global application (/) commands',
  level: 'info',
  service: 'discord-bot',
  timestamp: '2025-09-18 00:10:03'
}
{
  component: 'api',
  service: 'discord-bot',
  endpoint: '/api/bot-service/auth',
  method: 'POST',
  success: true,
  responseTime: '36ms',
  level: 'info',
  message: 'API call completed',
  timestamp: '2025-09-18 00:10:03'
}
{
  component: 'api',
  message: 'Successfully authenticated with backend API',
  level: 'info',
  service: 'discord-bot',
  timestamp: '2025-09-18 00:10:03'
}
{
  message: 'Successfully authenticated with backend API',
  level: 'info',
  service: 'discord-bot',
  timestamp: '2025-09-18 00:10:03'
}
{
  message: 'Bot initialization complete',
  level: 'info',
  service: 'discord-bot',
  timestamp: '2025-09-18 00:10:03'
}
{
  service: 'discord-bot',
  t: 'INTERACTION_CREATE',
  level: 'info',
  message: 'raw INTERACTION packet',
  timestamp: '2025-09-18 00:10:29'
}
{
  service: 'discord-bot',
  type: 2,
  isChatInput: true,
  userId: '417296513270808580',
  guildId: '1413584793542856856',
  level: 'info',
  message: 'interactionCreate received',
  timestamp: '2025-09-18 00:10:29'
}
{
  component: 'events',
  service: 'discord-bot',
  type: 2,
  isChatInput: true,
  userId: '417296513270808580',
  guildId: '1413584793542856856',
  level: 'info',
  message: 'Incoming interaction',
  timestamp: '2025-09-18 00:10:29'
}
{
  component: 'events',
  service: 'discord-bot',
  eventType: 'slash_command',
  data: {
    command: 'shop',
    userId: '417296513270808580',
    guildId: '1413584793542856856'
  },
  success: true,
  level: 'info',
  message: 'Event processed',
  timestamp: '2025-09-18 00:10:29'
}
{
  component: 'commands',
  service: 'discord-bot',
  userId: '417296513270808580',
  username: 'gobo0812',
  guildId: '1413584793542856856',
  guildName: 'Wiko的服务器',
  level: 'info',
  message: 'Executing command: shop',
  timestamp: '2025-09-18 00:10:29'
}
{
  component: 'api',
  service: 'discord-bot',
  endpoint: '/api/bot-service/categories/1413584793542856856',
  method: 'GET',
  success: true,
  responseTime: '1986ms',
  level: 'info',
  message: 'API call completed',
  timestamp: '2025-09-18 00:10:31'
}
{
  component: 'api',
  service: 'discord-bot',
  endpoint: '/api/bot-service/products/1413584793542856856',
  method: 'GET',
  success: true,
  responseTime: '2485ms',
  level: 'info',
  message: 'API call completed',
  timestamp: '2025-09-18 00:10:31'
}
{
  component: 'api',
  service: 'discord-bot',
  endpoint: '/api/bot-service/templates/1413584793542856856',
  method: 'GET',
  success: true,
  responseTime: '463ms',
  level: 'info',
  message: 'API call completed',
  timestamp: '2025-09-18 00:10:32'
}
{
  component: 'commands',
  service: 'discord-bot',
  resolvedLayout: 'horizontal',
  rawMode: 'horizontal',
  modeStr: 'horizontal',
  showProducts: true,
  hasMenuTmpl: true,
  hasGlobalPds: true,
  pdsOwnerId: null,
  pds: { displayMode: 'horizontal', showProducts: true },
  level: 'info',
  message: 'Shop browse layout',
  timestamp: '2025-09-18 00:10:32'
}
{
  component: 'commands',
  service: 'discord-bot',
  command: 'shop_browse',
  userId: '417296513270808580',
  guildId: '1413584793542856856',
  success: true,
  error: undefined,
  level: 'info',
  message: 'Shop command executed',
  timestamp: '2025-09-18 00:10:32'
}
{
  component: 'commands',
  service: 'discord-bot',
  command: 'shop',
  userId: '417296513270808580',
  guildId: '1413584793542856856',
  success: true,
  level: 'info',
  message: 'Command executed',
  timestamp: '2025-09-18 00:10:32'
}
{
  service: 'discord-bot',
  t: 'INTERACTION_CREATE',
  level: 'info',
  message: 'raw INTERACTION packet',
  timestamp: '2025-09-18 00:10:40'
}
{
  service: 'discord-bot',
  type: 3,
  isChatInput: false,
  userId: '417296513270808580',
  guildId: '1413584793542856856',
  level: 'info',
  message: 'interactionCreate received',
  timestamp: '2025-09-18 00:10:40'
}
{
  component: 'events',
  service: 'discord-bot',
  type: 3,
  isChatInput: false,
  userId: '417296513270808580',
  guildId: '1413584793542856856',
  level: 'info',
  message: 'Incoming interaction',
  timestamp: '2025-09-18 00:10:40'
}
{
  component: 'events',
  service: 'discord-bot',
  eventType: 'select_menu',
  data: {
    customId: 'category_select',
    selectedValues: [ 'c6e5e41f-39a7-4ace-8685-1adf048751be' ],
    userId: '417296513270808580',
    guildId: '1413584793542856856'
  },
  success: true,
  level: 'info',
  message: 'Event processed',
  timestamp: '2025-09-18 00:10:40'
}
{
  service: 'discord-bot',
  t: 'INTERACTION_CREATE',
  level: 'info',
  message: 'raw INTERACTION packet',
  timestamp: '2025-09-18 00:10:42'
}
{
  service: 'discord-bot',
  type: 3,
  isChatInput: false,
  userId: '417296513270808580',
  guildId: '1413584793542856856',
  level: 'info',
  message: 'interactionCreate received',
  timestamp: '2025-09-18 00:10:42'
}
{
  component: 'events',
  service: 'discord-bot',
  type: 3,
  isChatInput: false,
  userId: '417296513270808580',
  guildId: '1413584793542856856',
  level: 'info',
  message: 'Incoming interaction',
  timestamp: '2025-09-18 00:10:42'
}
{
  component: 'events',
  service: 'discord-bot',
  eventType: 'select_menu',
  data: {
    customId: 'product_select',
    selectedValues: [ 'd096360d-1c81-4cd9-8014-757295ecf57f' ],
    userId: '417296513270808580',
    guildId: '1413584793542856856'
  },
  success: true,
  level: 'info',
  message: 'Event processed',
  timestamp: '2025-09-18 00:10:43'
}
{
  service: 'discord-bot',
  t: 'INTERACTION_CREATE',
  level: 'info',
  message: 'raw INTERACTION packet',
  timestamp: '2025-09-18 00:10:45'
}
{
  service: 'discord-bot',
  type: 3,
  isChatInput: false,
  userId: '417296513270808580',
  guildId: '1413584793542856856',
  level: 'info',
  message: 'interactionCreate received',
  timestamp: '2025-09-18 00:10:45'
}
{
  component: 'events',
  service: 'discord-bot',
  type: 3,
  isChatInput: false,
  userId: '417296513270808580',
  guildId: '1413584793542856856',
  level: 'info',
  message: 'Incoming interaction',
  timestamp: '2025-09-18 00:10:45'
}
{
  component: 'events',
  service: 'discord-bot',
  eventType: 'select_menu',
  data: {
    customId: 'payment_select',
    selectedValues: [ 'crypto' ],
    userId: '417296513270808580',
    guildId: '1413584793542856856'
  },
  success: true,
  level: 'info',
  message: 'Event processed',
  timestamp: '2025-09-18 00:10:45'
}
{
  component: 'api',
  service: 'discord-bot',
  endpoint: '/api/bot-service/templates/1413584793542856856',
  method: 'GET',
  success: true,
  responseTime: '573ms',
  level: 'info',
  message: 'API call completed',
  timestamp: '2025-09-18 00:10:46'
}
{
  message: 'Received SIGINT, shutting down gracefully...',
  level: 'info',
  service: 'discord-bot',
  timestamp: '2025-09-18 00:16:32'
}
{
  message: 'Bot is ready! Logged in as Ecbot#8830',
  level: 'info',
  service: 'discord-bot',
  timestamp: '2025-09-18 00:16:56'
}
{
  message: 'Bot is in 3 guilds',
  level: 'info',
  service: 'discord-bot',
  timestamp: '2025-09-18 00:16:56'
}
{
  service: 'discord-bot',
  appId: '1390575948134350928',
  cfgId: '1390575948134350928',
  invite: 'https://discord.com/api/oauth2/authorize?client_id=1390575948134350928&scope=bot%20applications.commands&permissions=0',
  level: 'info',
  message: 'Discord IDs and Invite URL',
  timestamp: '2025-09-18 00:16:56'
}
{
  message: 'Loaded command: admin',
  level: 'info',
  service: 'discord-bot',
  timestamp: '2025-09-18 00:16:56'
}
{
  message: 'Loaded command: link',
  level: 'info',
  service: 'discord-bot',
  timestamp: '2025-09-18 00:16:56'
}
{
  message: 'Loaded command: shop',
  level: 'info',
  service: 'discord-bot',
  timestamp: '2025-09-18 00:16:56'
}
{
  message: 'Loaded 3 commands',
  level: 'info',
  service: 'discord-bot',
  timestamp: '2025-09-18 00:16:56'
}
{
  service: 'discord-bot',
  guildId: '1413584793542856856',
  level: 'info',
  message: 'Refreshing guild (/) commands',
  timestamp: '2025-09-18 00:16:56'
}
{
  service: 'discord-bot',
  guildId: '1413584793542856856',
  level: 'info',
  message: 'Successfully reloaded 3 guild (/) commands',
  timestamp: '2025-09-18 00:16:57'
}
{
  message: 'Refreshing global application (/) commands',
  level: 'info',
  service: 'discord-bot',
  timestamp: '2025-09-18 00:16:57'
}
{
  message: 'Successfully reloaded 3 global application (/) commands',
  level: 'info',
  service: 'discord-bot',
  timestamp: '2025-09-18 00:16:57'
}
{
  component: 'api',
  service: 'discord-bot',
  endpoint: '/api/bot-service/auth',
  method: 'POST',
  success: true,
  responseTime: '29ms',
  level: 'info',
  message: 'API call completed',
  timestamp: '2025-09-18 00:16:57'
}
{
  component: 'api',
  message: 'Successfully authenticated with backend API',
  level: 'info',
  service: 'discord-bot',
  timestamp: '2025-09-18 00:16:57'
}
{
  message: 'Successfully authenticated with backend API',
  level: 'info',
  service: 'discord-bot',
  timestamp: '2025-09-18 00:16:57'
}
{
  message: 'Bot initialization complete',
  level: 'info',
  service: 'discord-bot',
  timestamp: '2025-09-18 00:16:57'
}
{
  service: 'discord-bot',
  t: 'INTERACTION_CREATE',
  level: 'info',
  message: 'raw INTERACTION packet',
  timestamp: '2025-09-18 00:17:12'
}
{
  service: 'discord-bot',
  type: 3,
  isChatInput: false,
  userId: '417296513270808580',
  guildId: '1413584793542856856',
  level: 'info',
  message: 'interactionCreate received',
  timestamp: '2025-09-18 00:17:12'
}
{
  component: 'events',
  service: 'discord-bot',
  type: 3,
  isChatInput: false,
  userId: '417296513270808580',
  guildId: '1413584793542856856',
  level: 'info',
  message: 'Incoming interaction',
  timestamp: '2025-09-18 00:17:12'
}
{
  component: 'events',
  service: 'discord-bot',
  eventType: 'select_menu',
  data: {
    customId: 'category_select',
    selectedValues: [ 'c6e5e41f-39a7-4ace-8685-1adf048751be' ],
    userId: '417296513270808580',
    guildId: '1413584793542856856'
  },
  success: true,
  level: 'info',
  message: 'Event processed',
  timestamp: '2025-09-18 00:17:13'
}
{
  component: 'api',
  service: 'discord-bot',
  endpoint: '/api/bot-service/categories/1413584793542856856',
  method: 'GET',
  success: true,
  responseTime: '1423ms',
  level: 'info',
  message: 'API call completed',
  timestamp: '2025-09-18 00:17:14'
}
{
  component: 'api',
  service: 'discord-bot',
  endpoint: '/api/bot-service/products/1413584793542856856',
  method: 'GET',
  success: true,
  responseTime: '1782ms',
  level: 'info',
  message: 'API call completed',
  timestamp: '2025-09-18 00:17:15'
}
{
  service: 'discord-bot',
  t: 'INTERACTION_CREATE',
  level: 'info',
  message: 'raw INTERACTION packet',
  timestamp: '2025-09-18 00:17:17'
}
{
  service: 'discord-bot',
  type: 3,
  isChatInput: false,
  userId: '417296513270808580',
  guildId: '1413584793542856856',
  level: 'info',
  message: 'interactionCreate received',
  timestamp: '2025-09-18 00:17:17'
}
{
  component: 'events',
  service: 'discord-bot',
  type: 3,
  isChatInput: false,
  userId: '417296513270808580',
  guildId: '1413584793542856856',
  level: 'info',
  message: 'Incoming interaction',
  timestamp: '2025-09-18 00:17:17'
}
{
  component: 'events',
  service: 'discord-bot',
  eventType: 'select_menu',
  data: {
    customId: 'product_select',
    selectedValues: [ 'd096360d-1c81-4cd9-8014-757295ecf57f' ],
    userId: '417296513270808580',
    guildId: '1413584793542856856'
  },
  success: true,
  level: 'info',
  message: 'Event processed',
  timestamp: '2025-09-18 00:17:17'
}
{
  service: 'discord-bot',
  t: 'INTERACTION_CREATE',
  level: 'info',
  message: 'raw INTERACTION packet',
  timestamp: '2025-09-18 00:17:20'
}
{
  service: 'discord-bot',
  type: 3,
  isChatInput: false,
  userId: '417296513270808580',
  guildId: '1413584793542856856',
  level: 'info',
  message: 'interactionCreate received',
  timestamp: '2025-09-18 00:17:20'
}
{
  component: 'events',
  service: 'discord-bot',
  type: 3,
  isChatInput: false,
  userId: '417296513270808580',
  guildId: '1413584793542856856',
  level: 'info',
  message: 'Incoming interaction',
  timestamp: '2025-09-18 00:17:20'
}
{
  component: 'events',
  service: 'discord-bot',
  eventType: 'select_menu',
  data: {
    customId: 'payment_select',
    selectedValues: [ 'crypto' ],
    userId: '417296513270808580',
    guildId: '1413584793542856856'
  },
  success: true,
  level: 'info',
  message: 'Event processed',
  timestamp: '2025-09-18 00:17:20'
}
{
  component: 'api',
  service: 'discord-bot',
  endpoint: '/api/bot-service/templates/1413584793542856856',
  method: 'GET',
  success: true,
  responseTime: '498ms',
  level: 'info',
  message: 'API call completed',
  timestamp: '2025-09-18 00:17:20'
}
{
  message: 'Received SIGINT, shutting down gracefully...',
  level: 'info',
  service: 'discord-bot',
  timestamp: '2025-09-18 00:17:46'
}
{
  message: 'Bot is ready! Logged in as Ecbot#8830',
  level: 'info',
  service: 'discord-bot',
  timestamp: '2025-09-18 00:19:32'
}
{
  message: 'Bot is in 3 guilds',
  level: 'info',
  service: 'discord-bot',
  timestamp: '2025-09-18 00:19:32'
}
{
  service: 'discord-bot',
  appId: '1390575948134350928',
  cfgId: '1390575948134350928',
  invite: 'https://discord.com/api/oauth2/authorize?client_id=1390575948134350928&scope=bot%20applications.commands&permissions=0',
  level: 'info',
  message: 'Discord IDs and Invite URL',
  timestamp: '2025-09-18 00:19:32'
}
{
  message: 'Loaded command: admin',
  level: 'info',
  service: 'discord-bot',
  timestamp: '2025-09-18 00:19:32'
}
{
  message: 'Loaded command: link',
  level: 'info',
  service: 'discord-bot',
  timestamp: '2025-09-18 00:19:32'
}
{
  message: 'Loaded command: shop',
  level: 'info',
  service: 'discord-bot',
  timestamp: '2025-09-18 00:19:32'
}
{
  message: 'Loaded 3 commands',
  level: 'info',
  service: 'discord-bot',
  timestamp: '2025-09-18 00:19:32'
}
{
  service: 'discord-bot',
  guildId: '1413584793542856856',
  level: 'info',
  message: 'Refreshing guild (/) commands',
  timestamp: '2025-09-18 00:19:32'
}
{
  service: 'discord-bot',
  guildId: '1413584793542856856',
  level: 'info',
  message: 'Successfully reloaded 3 guild (/) commands',
  timestamp: '2025-09-18 00:19:32'
}
{
  message: 'Refreshing global application (/) commands',
  level: 'info',
  service: 'discord-bot',
  timestamp: '2025-09-18 00:19:32'
}
{
  message: 'Successfully reloaded 3 global application (/) commands',
  level: 'info',
  service: 'discord-bot',
  timestamp: '2025-09-18 00:19:33'
}
{
  component: 'api',
  service: 'discord-bot',
  endpoint: '/api/bot-service/auth',
  method: 'POST',
  success: true,
  responseTime: '30ms',
  level: 'info',
  message: 'API call completed',
  timestamp: '2025-09-18 00:19:33'
}
{
  component: 'api',
  message: 'Successfully authenticated with backend API',
  level: 'info',
  service: 'discord-bot',
  timestamp: '2025-09-18 00:19:33'
}
{
  message: 'Successfully authenticated with backend API',
  level: 'info',
  service: 'discord-bot',
  timestamp: '2025-09-18 00:19:33'
}
{
  message: 'Bot initialization complete',
  level: 'info',
  service: 'discord-bot',
  timestamp: '2025-09-18 00:19:33'
}
{
  service: 'discord-bot',
  t: 'INTERACTION_CREATE',
  level: 'info',
  message: 'raw INTERACTION packet',
  timestamp: '2025-09-18 00:19:35'
}
{
  service: 'discord-bot',
  type: 3,
  isChatInput: false,
  userId: '417296513270808580',
  guildId: '1413584793542856856',
  level: 'info',
  message: 'interactionCreate received',
  timestamp: '2025-09-18 00:19:35'
}
{
  component: 'events',
  service: 'discord-bot',
  type: 3,
  isChatInput: false,
  userId: '417296513270808580',
  guildId: '1413584793542856856',
  level: 'info',
  message: 'Incoming interaction',
  timestamp: '2025-09-18 00:19:35'
}
{
  component: 'events',
  service: 'discord-bot',
  eventType: 'button_click',
  data: {
    customId: 'link_account',
    userId: '417296513270808580',
    guildId: '1413584793542856856'
  },
  success: true,
  level: 'info',
  message: 'Event processed',
  timestamp: '2025-09-18 00:19:35'
}
{
  service: 'discord-bot',
  t: 'INTERACTION_CREATE',
  level: 'info',
  message: 'raw INTERACTION packet',
  timestamp: '2025-09-18 00:19:41'
}
{
  service: 'discord-bot',
  type: 2,
  isChatInput: true,
  userId: '417296513270808580',
  guildId: '1413584793542856856',
  level: 'info',
  message: 'interactionCreate received',
  timestamp: '2025-09-18 00:19:41'
}
{
  component: 'events',
  service: 'discord-bot',
  type: 2,
  isChatInput: true,
  userId: '417296513270808580',
  guildId: '1413584793542856856',
  level: 'info',
  message: 'Incoming interaction',
  timestamp: '2025-09-18 00:19:41'
}
{
  component: 'events',
  service: 'discord-bot',
  eventType: 'slash_command',
  data: {
    command: 'shop',
    userId: '417296513270808580',
    guildId: '1413584793542856856'
  },
  success: true,
  level: 'info',
  message: 'Event processed',
  timestamp: '2025-09-18 00:19:41'
}
{
  component: 'commands',
  service: 'discord-bot',
  userId: '417296513270808580',
  username: 'gobo0812',
  guildId: '1413584793542856856',
  guildName: 'Wiko的服务器',
  level: 'info',
  message: 'Executing command: shop',
  timestamp: '2025-09-18 00:19:41'
}
{
  component: 'api',
  service: 'discord-bot',
  endpoint: '/api/bot-service/categories/1413584793542856856',
  method: 'GET',
  success: true,
  responseTime: '1628ms',
  level: 'info',
  message: 'API call completed',
  timestamp: '2025-09-18 00:19:43'
}
{
  component: 'api',
  service: 'discord-bot',
  endpoint: '/api/bot-service/products/1413584793542856856',
  method: 'GET',
  success: true,
  responseTime: '1797ms',
  level: 'info',
  message: 'API call completed',
  timestamp: '2025-09-18 00:19:43'
}
{
  component: 'api',
  service: 'discord-bot',
  endpoint: '/api/bot-service/templates/1413584793542856856',
  method: 'GET',
  success: true,
  responseTime: '417ms',
  level: 'info',
  message: 'API call completed',
  timestamp: '2025-09-18 00:19:44'
}
{
  component: 'commands',
  service: 'discord-bot',
  resolvedLayout: 'horizontal',
  rawMode: 'horizontal',
  modeStr: 'horizontal',
  showProducts: true,
  hasMenuTmpl: true,
  hasGlobalPds: true,
  pdsOwnerId: null,
  pds: { displayMode: 'horizontal', showProducts: true },
  level: 'info',
  message: 'Shop browse layout',
  timestamp: '2025-09-18 00:19:44'
}
{
  component: 'commands',
  service: 'discord-bot',
  command: 'shop_browse',
  userId: '417296513270808580',
  guildId: '1413584793542856856',
  success: true,
  error: undefined,
  level: 'info',
  message: 'Shop command executed',
  timestamp: '2025-09-18 00:19:44'
}
{
  component: 'commands',
  service: 'discord-bot',
  command: 'shop',
  userId: '417296513270808580',
  guildId: '1413584793542856856',
  success: true,
  level: 'info',
  message: 'Command executed',
  timestamp: '2025-09-18 00:19:44'
}
{
  service: 'discord-bot',
  t: 'INTERACTION_CREATE',
  level: 'info',
  message: 'raw INTERACTION packet',
  timestamp: '2025-09-18 00:19:47'
}
{
  service: 'discord-bot',
  type: 3,
  isChatInput: false,
  userId: '417296513270808580',
  guildId: '1413584793542856856',
  level: 'info',
  message: 'interactionCreate received',
  timestamp: '2025-09-18 00:19:47'
}
{
  component: 'events',
  service: 'discord-bot',
  type: 3,
  isChatInput: false,
  userId: '417296513270808580',
  guildId: '1413584793542856856',
  level: 'info',
  message: 'Incoming interaction',
  timestamp: '2025-09-18 00:19:47'
}
{
  component: 'events',
  service: 'discord-bot',
  eventType: 'select_menu',
  data: {
    customId: 'category_select',
    selectedValues: [ 'c6e5e41f-39a7-4ace-8685-1adf048751be' ],
    userId: '417296513270808580',
    guildId: '1413584793542856856'
  },
  success: true,
  level: 'info',
  message: 'Event processed',
  timestamp: '2025-09-18 00:19:47'
}
{
  service: 'discord-bot',
  t: 'INTERACTION_CREATE',
  level: 'info',
  message: 'raw INTERACTION packet',
  timestamp: '2025-09-18 00:19:49'
}
{
  service: 'discord-bot',
  type: 3,
  isChatInput: false,
  userId: '417296513270808580',
  guildId: '1413584793542856856',
  level: 'info',
  message: 'interactionCreate received',
  timestamp: '2025-09-18 00:19:49'
}
{
  component: 'events',
  service: 'discord-bot',
  type: 3,
  isChatInput: false,
  userId: '417296513270808580',
  guildId: '1413584793542856856',
  level: 'info',
  message: 'Incoming interaction',
  timestamp: '2025-09-18 00:19:49'
}
{
  component: 'events',
  service: 'discord-bot',
  eventType: 'select_menu',
  data: {
    customId: 'product_select',
    selectedValues: [ 'd096360d-1c81-4cd9-8014-757295ecf57f' ],
    userId: '417296513270808580',
    guildId: '1413584793542856856'
  },
  success: true,
  level: 'info',
  message: 'Event processed',
  timestamp: '2025-09-18 00:19:49'
}
{
  service: 'discord-bot',
  t: 'INTERACTION_CREATE',
  level: 'info',
  message: 'raw INTERACTION packet',
  timestamp: '2025-09-18 00:19:52'
}
{
  service: 'discord-bot',
  type: 3,
  isChatInput: false,
  userId: '417296513270808580',
  guildId: '1413584793542856856',
  level: 'info',
  message: 'interactionCreate received',
  timestamp: '2025-09-18 00:19:52'
}
{
  component: 'events',
  service: 'discord-bot',
  type: 3,
  isChatInput: false,
  userId: '417296513270808580',
  guildId: '1413584793542856856',
  level: 'info',
  message: 'Incoming interaction',
  timestamp: '2025-09-18 00:19:52'
}
{
  component: 'events',
  service: 'discord-bot',
  eventType: 'select_menu',
  data: {
    customId: 'payment_select',
    selectedValues: [ 'crypto' ],
    userId: '417296513270808580',
    guildId: '1413584793542856856'
  },
  success: true,
  level: 'info',
  message: 'Event processed',
  timestamp: '2025-09-18 00:19:52'
}
{
  component: 'api',
  service: 'discord-bot',
  endpoint: '/api/bot-service/templates/1413584793542856856',
  method: 'GET',
  success: true,
  responseTime: '498ms',
  level: 'info',
  message: 'API call completed',
  timestamp: '2025-09-18 00:19:53'
}
{
  message: 'Bot is ready! Logged in as Ecbot#8830',
  level: 'info',
  service: 'discord-bot',
  timestamp: '2025-09-18 00:27:25'
}
{
  message: 'Bot is in 3 guilds',
  level: 'info',
  service: 'discord-bot',
  timestamp: '2025-09-18 00:27:25'
}
{
  service: 'discord-bot',
  appId: '1390575948134350928',
  cfgId: '1390575948134350928',
  invite: 'https://discord.com/api/oauth2/authorize?client_id=1390575948134350928&scope=bot%20applications.commands&permissions=0',
  level: 'info',
  message: 'Discord IDs and Invite URL',
  timestamp: '2025-09-18 00:27:25'
}
{
  message: 'Loaded command: admin',
  level: 'info',
  service: 'discord-bot',
  timestamp: '2025-09-18 00:27:25'
}
{
  message: 'Loaded command: link',
  level: 'info',
  service: 'discord-bot',
  timestamp: '2025-09-18 00:27:25'
}
{
  message: 'Loaded command: shop',
  level: 'info',
  service: 'discord-bot',
  timestamp: '2025-09-18 00:27:25'
}
{
  message: 'Loaded 3 commands',
  level: 'info',
  service: 'discord-bot',
  timestamp: '2025-09-18 00:27:25'
}
{
  service: 'discord-bot',
  guildId: '1413584793542856856',
  level: 'info',
  message: 'Refreshing guild (/) commands',
  timestamp: '2025-09-18 00:27:25'
}
{
  service: 'discord-bot',
  guildId: '1413584793542856856',
  level: 'info',
  message: 'Successfully reloaded 3 guild (/) commands',
  timestamp: '2025-09-18 00:27:26'
}
{
  message: 'Refreshing global application (/) commands',
  level: 'info',
  service: 'discord-bot',
  timestamp: '2025-09-18 00:27:26'
}
{
  message: 'Successfully reloaded 3 global application (/) commands',
  level: 'info',
  service: 'discord-bot',
  timestamp: '2025-09-18 00:27:26'
}
{
  component: 'api',
  service: 'discord-bot',
  endpoint: '/api/bot-service/auth',
  method: 'POST',
  success: true,
  responseTime: '28ms',
  level: 'info',
  message: 'API call completed',
  timestamp: '2025-09-18 00:27:26'
}
{
  component: 'api',
  message: 'Successfully authenticated with backend API',
  level: 'info',
  service: 'discord-bot',
  timestamp: '2025-09-18 00:27:26'
}
{
  message: 'Successfully authenticated with backend API',
  level: 'info',
  service: 'discord-bot',
  timestamp: '2025-09-18 00:27:26'
}
{
  message: 'Bot initialization complete',
  level: 'info',
  service: 'discord-bot',
  timestamp: '2025-09-18 00:27:26'
}
{
  service: 'discord-bot',
  t: 'INTERACTION_CREATE',
  level: 'info',
  message: 'raw INTERACTION packet',
  timestamp: '2025-09-18 00:29:15'
}
{
  service: 'discord-bot',
  type: 3,
  isChatInput: false,
  userId: '417296513270808580',
  guildId: '1413584793542856856',
  level: 'info',
  message: 'interactionCreate received',
  timestamp: '2025-09-18 00:29:15'
}
{
  component: 'events',
  service: 'discord-bot',
  type: 3,
  isChatInput: false,
  userId: '417296513270808580',
  guildId: '1413584793542856856',
  level: 'info',
  message: 'Incoming interaction',
  timestamp: '2025-09-18 00:29:15'
}
{
  component: 'events',
  service: 'discord-bot',
  eventType: 'select_menu',
  data: {
    customId: 'category_select',
    selectedValues: [ 'c6e5e41f-39a7-4ace-8685-1adf048751be' ],
    userId: '417296513270808580',
    guildId: '1413584793542856856'
  },
  success: true,
  level: 'info',
  message: 'Event processed',
  timestamp: '2025-09-18 00:29:16'
}
{
  component: 'api',
  service: 'discord-bot',
  endpoint: '/api/bot-service/categories/1413584793542856856',
  method: 'GET',
  success: true,
  responseTime: '1482ms',
  level: 'info',
  message: 'API call completed',
  timestamp: '2025-09-18 00:29:17'
}
{
  component: 'api',
  service: 'discord-bot',
  endpoint: '/api/bot-service/products/1413584793542856856',
  method: 'GET',
  success: true,
  responseTime: '1969ms',
  level: 'info',
  message: 'API call completed',
  timestamp: '2025-09-18 00:29:18'
}
{
  service: 'discord-bot',
  t: 'INTERACTION_CREATE',
  level: 'info',
  message: 'raw INTERACTION packet',
  timestamp: '2025-09-18 00:29:22'
}
{
  service: 'discord-bot',
  type: 3,
  isChatInput: false,
  userId: '417296513270808580',
  guildId: '1413584793542856856',
  level: 'info',
  message: 'interactionCreate received',
  timestamp: '2025-09-18 00:29:22'
}
{
  component: 'events',
  service: 'discord-bot',
  type: 3,
  isChatInput: false,
  userId: '417296513270808580',
  guildId: '1413584793542856856',
  level: 'info',
  message: 'Incoming interaction',
  timestamp: '2025-09-18 00:29:22'
}
{
  component: 'events',
  service: 'discord-bot',
  eventType: 'select_menu',
  data: {
    customId: 'product_select',
    selectedValues: [ 'd096360d-1c81-4cd9-8014-757295ecf57f' ],
    userId: '417296513270808580',
    guildId: '1413584793542856856'
  },
  success: true,
  level: 'info',
  message: 'Event processed',
  timestamp: '2025-09-18 00:29:23'
}
{
  service: 'discord-bot',
  t: 'INTERACTION_CREATE',
  level: 'info',
  message: 'raw INTERACTION packet',
  timestamp: '2025-09-18 00:29:25'
}
{
  service: 'discord-bot',
  type: 3,
  isChatInput: false,
  userId: '417296513270808580',
  guildId: '1413584793542856856',
  level: 'info',
  message: 'interactionCreate received',
  timestamp: '2025-09-18 00:29:25'
}
{
  component: 'events',
  service: 'discord-bot',
  type: 3,
  isChatInput: false,
  userId: '417296513270808580',
  guildId: '1413584793542856856',
  level: 'info',
  message: 'Incoming interaction',
  timestamp: '2025-09-18 00:29:25'
}
{
  component: 'events',
  service: 'discord-bot',
  eventType: 'select_menu',
  data: {
    customId: 'payment_select',
    selectedValues: [ 'crypto' ],
    userId: '417296513270808580',
    guildId: '1413584793542856856'
  },
  success: true,
  level: 'info',
  message: 'Event processed',
  timestamp: '2025-09-18 00:29:25'
}
{
  component: 'api',
  service: 'discord-bot',
  endpoint: '/api/bot-service/templates/1413584793542856856',
  method: 'GET',
  success: true,
  responseTime: '502ms',
  level: 'info',
  message: 'API call completed',
  timestamp: '2025-09-18 00:29:25'
}
{
  message: 'Bot is ready! Logged in as Ecbot#8830',
  level: 'info',
  service: 'discord-bot',
  timestamp: '2025-09-18 00:30:37'
}
{
  message: 'Bot is in 3 guilds',
  level: 'info',
  service: 'discord-bot',
  timestamp: '2025-09-18 00:30:37'
}
{
  service: 'discord-bot',
  appId: '1390575948134350928',
  cfgId: '1390575948134350928',
  invite: 'https://discord.com/api/oauth2/authorize?client_id=1390575948134350928&scope=bot%20applications.commands&permissions=0',
  level: 'info',
  message: 'Discord IDs and Invite URL',
  timestamp: '2025-09-18 00:30:37'
}
{
  message: 'Loaded command: admin',
  level: 'info',
  service: 'discord-bot',
  timestamp: '2025-09-18 00:30:37'
}
{
  message: 'Loaded command: link',
  level: 'info',
  service: 'discord-bot',
  timestamp: '2025-09-18 00:30:37'
}
{
  message: 'Loaded command: shop',
  level: 'info',
  service: 'discord-bot',
  timestamp: '2025-09-18 00:30:37'
}
{
  message: 'Loaded 3 commands',
  level: 'info',
  service: 'discord-bot',
  timestamp: '2025-09-18 00:30:37'
}
{
  service: 'discord-bot',
  guildId: '1413584793542856856',
  level: 'info',
  message: 'Refreshing guild (/) commands',
  timestamp: '2025-09-18 00:30:37'
}
{
  service: 'discord-bot',
  guildId: '1413584793542856856',
  level: 'info',
  message: 'Successfully reloaded 3 guild (/) commands',
  timestamp: '2025-09-18 00:30:37'
}
{
  message: 'Refreshing global application (/) commands',
  level: 'info',
  service: 'discord-bot',
  timestamp: '2025-09-18 00:30:37'
}
{
  message: 'Successfully reloaded 3 global application (/) commands',
  level: 'info',
  service: 'discord-bot',
  timestamp: '2025-09-18 00:30:38'
}
{
  component: 'api',
  service: 'discord-bot',
  endpoint: '/api/bot-service/auth',
  method: 'POST',
  success: true,
  responseTime: '37ms',
  level: 'info',
  message: 'API call completed',
  timestamp: '2025-09-18 00:30:38'
}
{
  component: 'api',
  message: 'Successfully authenticated with backend API',
  level: 'info',
  service: 'discord-bot',
  timestamp: '2025-09-18 00:30:38'
}
{
  message: 'Successfully authenticated with backend API',
  level: 'info',
  service: 'discord-bot',
  timestamp: '2025-09-18 00:30:38'
}
{
  message: 'Bot initialization complete',
  level: 'info',
  service: 'discord-bot',
  timestamp: '2025-09-18 00:30:38'
}
{
  message: 'Received SIGINT, shutting down gracefully...',
  level: 'info',
  service: 'discord-bot',
  timestamp: '2025-09-18 00:33:11'
}
{
  message: 'Bot is ready! Logged in as Ecbot#8830',
  level: 'info',
  service: 'discord-bot',
  timestamp: '2025-09-18 00:33:32'
}
{
  message: 'Bot is in 3 guilds',
  level: 'info',
  service: 'discord-bot',
  timestamp: '2025-09-18 00:33:32'
}
{
  service: 'discord-bot',
  appId: '1390575948134350928',
  cfgId: '1390575948134350928',
  invite: 'https://discord.com/api/oauth2/authorize?client_id=1390575948134350928&scope=bot%20applications.commands&permissions=0',
  level: 'info',
  message: 'Discord IDs and Invite URL',
  timestamp: '2025-09-18 00:33:32'
}
{
  message: 'Loaded command: admin',
  level: 'info',
  service: 'discord-bot',
  timestamp: '2025-09-18 00:33:32'
}
{
  message: 'Loaded command: link',
  level: 'info',
  service: 'discord-bot',
  timestamp: '2025-09-18 00:33:32'
}
{
  message: 'Loaded command: shop',
  level: 'info',
  service: 'discord-bot',
  timestamp: '2025-09-18 00:33:32'
}
{
  message: 'Loaded 3 commands',
  level: 'info',
  service: 'discord-bot',
  timestamp: '2025-09-18 00:33:32'
}
{
  service: 'discord-bot',
  guildId: '1413584793542856856',
  level: 'info',
  message: 'Refreshing guild (/) commands',
  timestamp: '2025-09-18 00:33:32'
}
{
  service: 'discord-bot',
  guildId: '1413584793542856856',
  level: 'info',
  message: 'Successfully reloaded 3 guild (/) commands',
  timestamp: '2025-09-18 00:33:33'
}
{
  message: 'Refreshing global application (/) commands',
  level: 'info',
  service: 'discord-bot',
  timestamp: '2025-09-18 00:33:33'
}
{
  message: 'Successfully reloaded 3 global application (/) commands',
  level: 'info',
  service: 'discord-bot',
  timestamp: '2025-09-18 00:33:33'
}
{
  component: 'api',
  service: 'discord-bot',
  endpoint: '/api/bot-service/auth',
  method: 'POST',
  success: true,
  responseTime: '29ms',
  level: 'info',
  message: 'API call completed',
  timestamp: '2025-09-18 00:33:33'
}
{
  component: 'api',
  message: 'Successfully authenticated with backend API',
  level: 'info',
  service: 'discord-bot',
  timestamp: '2025-09-18 00:33:33'
}
{
  message: 'Successfully authenticated with backend API',
  level: 'info',
  service: 'discord-bot',
  timestamp: '2025-09-18 00:33:33'
}
{
  message: 'Bot initialization complete',
  level: 'info',
  service: 'discord-bot',
  timestamp: '2025-09-18 00:33:33'
}
{
  message: 'Received SIGINT, shutting down gracefully...',
  level: 'info',
  service: 'discord-bot',
  timestamp: '2025-09-18 00:40:08'
}
{
  message: 'Bot is ready! Logged in as Ecbot#8830',
  level: 'info',
  service: 'discord-bot',
  timestamp: '2025-09-18 00:40:40'
}
{
  message: 'Bot is in 3 guilds',
  level: 'info',
  service: 'discord-bot',
  timestamp: '2025-09-18 00:40:40'
}
{
  service: 'discord-bot',
  appId: '1390575948134350928',
  cfgId: '1390575948134350928',
  invite: 'https://discord.com/api/oauth2/authorize?client_id=1390575948134350928&scope=bot%20applications.commands&permissions=0',
  level: 'info',
  message: 'Discord IDs and Invite URL',
  timestamp: '2025-09-18 00:40:40'
}
{
  message: 'Loaded command: admin',
  level: 'info',
  service: 'discord-bot',
  timestamp: '2025-09-18 00:40:40'
}
{
  message: 'Loaded command: link',
  level: 'info',
  service: 'discord-bot',
  timestamp: '2025-09-18 00:40:40'
}
{
  message: 'Loaded command: shop',
  level: 'info',
  service: 'discord-bot',
  timestamp: '2025-09-18 00:40:40'
}
{
  message: 'Loaded 3 commands',
  level: 'info',
  service: 'discord-bot',
  timestamp: '2025-09-18 00:40:40'
}
{
  service: 'discord-bot',
  guildId: '1413584793542856856',
  level: 'info',
  message: 'Refreshing guild (/) commands',
  timestamp: '2025-09-18 00:40:40'
}
{
  service: 'discord-bot',
  guildId: '1413584793542856856',
  level: 'info',
  message: 'Successfully reloaded 3 guild (/) commands',
  timestamp: '2025-09-18 00:40:40'
}
{
  message: 'Refreshing global application (/) commands',
  level: 'info',
  service: 'discord-bot',
  timestamp: '2025-09-18 00:40:40'
}
{
  message: 'Successfully reloaded 3 global application (/) commands',
  level: 'info',
  service: 'discord-bot',
  timestamp: '2025-09-18 00:40:41'
}
{
  component: 'api',
  service: 'discord-bot',
  endpoint: '/api/bot-service/auth',
  method: 'POST',
  success: true,
  responseTime: '27ms',
  level: 'info',
  message: 'API call completed',
  timestamp: '2025-09-18 00:40:41'
}
{
  component: 'api',
  message: 'Successfully authenticated with backend API',
  level: 'info',
  service: 'discord-bot',
  timestamp: '2025-09-18 00:40:41'
}
{
  message: 'Successfully authenticated with backend API',
  level: 'info',
  service: 'discord-bot',
  timestamp: '2025-09-18 00:40:41'
}
{
  message: 'Bot initialization complete',
  level: 'info',
  service: 'discord-bot',
  timestamp: '2025-09-18 00:40:41'
}
{
  message: 'Bot is ready! Logged in as Ecbot#8830',
  level: 'info',
  service: 'discord-bot',
  timestamp: '2025-09-18 00:43:18'
}
{
  message: 'Bot is in 3 guilds',
  level: 'info',
  service: 'discord-bot',
  timestamp: '2025-09-18 00:43:18'
}
{
  service: 'discord-bot',
  appId: '1390575948134350928',
  cfgId: '1390575948134350928',
  invite: 'https://discord.com/api/oauth2/authorize?client_id=1390575948134350928&scope=bot%20applications.commands&permissions=0',
  level: 'info',
  message: 'Discord IDs and Invite URL',
  timestamp: '2025-09-18 00:43:18'
}
{
  message: 'Loaded command: admin',
  level: 'info',
  service: 'discord-bot',
  timestamp: '2025-09-18 00:43:18'
}
{
  message: 'Loaded command: link',
  level: 'info',
  service: 'discord-bot',
  timestamp: '2025-09-18 00:43:18'
}
{
  message: 'Loaded command: shop',
  level: 'info',
  service: 'discord-bot',
  timestamp: '2025-09-18 00:43:18'
}
{
  message: 'Loaded 3 commands',
  level: 'info',
  service: 'discord-bot',
  timestamp: '2025-09-18 00:43:18'
}
{
  service: 'discord-bot',
  guildId: '1413584793542856856',
  level: 'info',
  message: 'Refreshing guild (/) commands',
  timestamp: '2025-09-18 00:43:18'
}
{
  service: 'discord-bot',
  guildId: '1413584793542856856',
  level: 'info',
  message: 'Successfully reloaded 3 guild (/) commands',
  timestamp: '2025-09-18 00:43:18'
}
{
  message: 'Refreshing global application (/) commands',
  level: 'info',
  service: 'discord-bot',
  timestamp: '2025-09-18 00:43:18'
}
{
  message: 'Successfully reloaded 3 global application (/) commands',
  level: 'info',
  service: 'discord-bot',
  timestamp: '2025-09-18 00:43:18'
}
{
  component: 'api',
  service: 'discord-bot',
  endpoint: '/api/bot-service/auth',
  method: 'POST',
  success: true,
  responseTime: '28ms',
  level: 'info',
  message: 'API call completed',
  timestamp: '2025-09-18 00:43:18'
}
{
  component: 'api',
  message: 'Successfully authenticated with backend API',
  level: 'info',
  service: 'discord-bot',
  timestamp: '2025-09-18 00:43:18'
}
{
  message: 'Successfully authenticated with backend API',
  level: 'info',
  service: 'discord-bot',
  timestamp: '2025-09-18 00:43:18'
}
{
  message: 'Bot initialization complete',
  level: 'info',
  service: 'discord-bot',
  timestamp: '2025-09-18 00:43:18'
}
{
  message: 'Received SIGINT, shutting down gracefully...',
  level: 'info',
  service: 'discord-bot',
  timestamp: '2025-09-18 00:47:36'
}
{
  message: 'Bot is ready! Logged in as Ecbot#8830',
  level: 'info',
  service: 'discord-bot',
  timestamp: '2025-09-18 00:48:20'
}
{
  message: 'Bot is in 3 guilds',
  level: 'info',
  service: 'discord-bot',
  timestamp: '2025-09-18 00:48:20'
}
{
  service: 'discord-bot',
  appId: '1390575948134350928',
  cfgId: '1390575948134350928',
  invite: 'https://discord.com/api/oauth2/authorize?client_id=1390575948134350928&scope=bot%20applications.commands&permissions=0',
  level: 'info',
  message: 'Discord IDs and Invite URL',
  timestamp: '2025-09-18 00:48:20'
}
{
  message: 'Loaded command: admin',
  level: 'info',
  service: 'discord-bot',
  timestamp: '2025-09-18 00:48:20'
}
{
  message: 'Loaded command: link',
  level: 'info',
  service: 'discord-bot',
  timestamp: '2025-09-18 00:48:20'
}
{
  message: 'Loaded command: shop',
  level: 'info',
  service: 'discord-bot',
  timestamp: '2025-09-18 00:48:20'
}
{
  message: 'Loaded 3 commands',
  level: 'info',
  service: 'discord-bot',
  timestamp: '2025-09-18 00:48:20'
}
{
  service: 'discord-bot',
  guildId: '1413584793542856856',
  level: 'info',
  message: 'Refreshing guild (/) commands',
  timestamp: '2025-09-18 00:48:20'
}
{
  service: 'discord-bot',
  guildId: '1413584793542856856',
  level: 'info',
  message: 'Successfully reloaded 3 guild (/) commands',
  timestamp: '2025-09-18 00:48:20'
}
{
  message: 'Refreshing global application (/) commands',
  level: 'info',
  service: 'discord-bot',
  timestamp: '2025-09-18 00:48:20'
}
{
  message: 'Successfully reloaded 3 global application (/) commands',
  level: 'info',
  service: 'discord-bot',
  timestamp: '2025-09-18 00:48:21'
}
{
  component: 'api',
  service: 'discord-bot',
  endpoint: '/api/bot-service/auth',
  method: 'POST',
  success: true,
  responseTime: '27ms',
  level: 'info',
  message: 'API call completed',
  timestamp: '2025-09-18 00:48:21'
}
{
  component: 'api',
  message: 'Successfully authenticated with backend API',
  level: 'info',
  service: 'discord-bot',
  timestamp: '2025-09-18 00:48:21'
}
{
  message: 'Successfully authenticated with backend API',
  level: 'info',
  service: 'discord-bot',
  timestamp: '2025-09-18 00:48:21'
}
{
  message: 'Bot initialization complete',
  level: 'info',
  service: 'discord-bot',
  timestamp: '2025-09-18 00:48:21'
}
{
  service: 'discord-bot',
  t: 'INTERACTION_CREATE',
  level: 'info',
  message: 'raw INTERACTION packet',
  timestamp: '2025-09-18 00:48:39'
}
{
  service: 'discord-bot',
  type: 3,
  isChatInput: false,
  userId: '417296513270808580',
  guildId: '1413584793542856856',
  level: 'info',
  message: 'interactionCreate received',
  timestamp: '2025-09-18 00:48:39'
}
{
  component: 'events',
  service: 'discord-bot',
  type: 3,
  isChatInput: false,
  userId: '417296513270808580',
  guildId: '1413584793542856856',
  level: 'info',
  message: 'Incoming interaction',
  timestamp: '2025-09-18 00:48:39'
}
{
  component: 'events',
  service: 'discord-bot',
  eventType: 'select_menu',
  data: {
    customId: 'category_select',
    selectedValues: [ 'c6e5e41f-39a7-4ace-8685-1adf048751be' ],
    userId: '417296513270808580',
    guildId: '1413584793542856856'
  },
  success: true,
  level: 'info',
  message: 'Event processed',
  timestamp: '2025-09-18 00:48:39'
}
{
  component: 'api',
  service: 'discord-bot',
  endpoint: '/api/bot-service/categories/1413584793542856856',
  method: 'GET',
  success: true,
  responseTime: '1596ms',
  level: 'info',
  message: 'API call completed',
  timestamp: '2025-09-18 00:48:41'
}
{
  component: 'api',
  service: 'discord-bot',
  endpoint: '/api/bot-service/products/1413584793542856856',
  method: 'GET',
  success: true,
  responseTime: '2008ms',
  level: 'info',
  message: 'API call completed',
  timestamp: '2025-09-18 00:48:41'
}
{
  service: 'discord-bot',
  t: 'INTERACTION_CREATE',
  level: 'info',
  message: 'raw INTERACTION packet',
  timestamp: '2025-09-18 00:48:42'
}
{
  service: 'discord-bot',
  type: 3,
  isChatInput: false,
  userId: '417296513270808580',
  guildId: '1413584793542856856',
  level: 'info',
  message: 'interactionCreate received',
  timestamp: '2025-09-18 00:48:42'
}
{
  component: 'events',
  service: 'discord-bot',
  type: 3,
  isChatInput: false,
  userId: '417296513270808580',
  guildId: '1413584793542856856',
  level: 'info',
  message: 'Incoming interaction',
  timestamp: '2025-09-18 00:48:42'
}
{
  component: 'events',
  service: 'discord-bot',
  eventType: 'select_menu',
  data: {
    customId: 'product_select',
    selectedValues: [ 'd096360d-1c81-4cd9-8014-757295ecf57f' ],
    userId: '417296513270808580',
    guildId: '1413584793542856856'
  },
  success: true,
  level: 'info',
  message: 'Event processed',
  timestamp: '2025-09-18 00:48:42'
}
{
  service: 'discord-bot',
  t: 'INTERACTION_CREATE',
  level: 'info',
  message: 'raw INTERACTION packet',
  timestamp: '2025-09-18 00:48:44'
}
{
  service: 'discord-bot',
  type: 3,
  isChatInput: false,
  userId: '417296513270808580',
  guildId: '1413584793542856856',
  level: 'info',
  message: 'interactionCreate received',
  timestamp: '2025-09-18 00:48:44'
}
{
  component: 'events',
  service: 'discord-bot',
  type: 3,
  isChatInput: false,
  userId: '417296513270808580',
  guildId: '1413584793542856856',
  level: 'info',
  message: 'Incoming interaction',
  timestamp: '2025-09-18 00:48:44'
}
{
  component: 'events',
  service: 'discord-bot',
  eventType: 'select_menu',
  data: {
    customId: 'payment_select',
    selectedValues: [ 'crypto' ],
    userId: '417296513270808580',
    guildId: '1413584793542856856'
  },
  success: true,
  level: 'info',
  message: 'Event processed',
  timestamp: '2025-09-18 00:48:45'
}
{
  component: 'api',
  service: 'discord-bot',
  endpoint: '/api/bot-service/templates/1413584793542856856',
  method: 'GET',
  success: true,
  responseTime: '232ms',
  level: 'info',
  message: 'API call completed',
  timestamp: '2025-09-18 00:48:45'
}
{
  component: 'events',
  service: 'discord-bot',
  error: "Cannot destructure property 'emoji' of 'selectMenuOption' as it is undefined.",
  stack: "TypeError: Cannot destructure property 'emoji' of 'selectMenuOption' as it is undefined.\n" +
    '    at Function.normalizeEmoji (C:\\Users\\pmp\\Desktop\\EC-fina\\node_modules\\discord.js\\src\\structures\\StringSelectMenuBuilder.js:36:13)\n' +
    '    at C:\\Users\\pmp\\Desktop\\EC-fina\\node_modules\\discord.js\\src\\structures\\StringSelectMenuBuilder.js:49:91\n' +
    '    at Array.map (<anonymous>)\n' +
    '    at StringSelectMenuBuilder.addOptions (C:\\Users\\pmp\\Desktop\\EC-fina\\node_modules\\discord.js\\src\\structures\\StringSelectMenuBuilder.js:49:53)\n' +
    '    at InteractionHandler.handlePaymentSelect (C:\\Users\\pmp\\Desktop\\EC-fina\\packages\\bot\\src\\handlers\\interactionHandler.ts:1077:20)\n' +
    '    at processTicksAndRejections (node:internal/process/task_queues:105:5)\n' +
    '    at async InteractionHandler.handleSelectMenu (C:\\Users\\pmp\\Desktop\\EC-fina\\packages\\bot\\src\\handlers\\interactionHandler.ts:359:17)\n' +
    '    at async InteractionHandler.handleInteraction (C:\\Users\\pmp\\Desktop\\EC-fina\\packages\\bot\\src\\handlers\\interactionHandler.ts:180:17)\n' +
    '    at async Client.<anonymous> (C:\\Users\\pmp\\Desktop\\EC-fina\\packages\\bot\\src\\index.ts:67:13)',
  level: 'error',
  message: 'payment_select failed',
  timestamp: '2025-09-18 00:48:47'
}
{
  service: 'discord-bot',
  t: 'INTERACTION_CREATE',
  level: 'info',
  message: 'raw INTERACTION packet',
  timestamp: '2025-09-18 00:48:55'
}
{
  service: 'discord-bot',
  type: 3,
  isChatInput: false,
  userId: '417296513270808580',
  guildId: '1413584793542856856',
  level: 'info',
  message: 'interactionCreate received',
  timestamp: '2025-09-18 00:48:55'
}
{
  component: 'events',
  service: 'discord-bot',
  type: 3,
  isChatInput: false,
  userId: '417296513270808580',
  guildId: '1413584793542856856',
  level: 'info',
  message: 'Incoming interaction',
  timestamp: '2025-09-18 00:48:55'
}
{
  component: 'events',
  service: 'discord-bot',
  eventType: 'select_menu',
  data: {
    customId: 'product_select',
    selectedValues: [ '07ce8e6c-00ca-4bb2-80cf-ab35430635ce' ],
    userId: '417296513270808580',
    guildId: '1413584793542856856'
  },
  success: true,
  level: 'info',
  message: 'Event processed',
  timestamp: '2025-09-18 00:48:56'
}
{
  service: 'discord-bot',
  t: 'INTERACTION_CREATE',
  level: 'info',
  message: 'raw INTERACTION packet',
  timestamp: '2025-09-18 00:48:59'
}
{
  service: 'discord-bot',
  type: 3,
  isChatInput: false,
  userId: '417296513270808580',
  guildId: '1413584793542856856',
  level: 'info',
  message: 'interactionCreate received',
  timestamp: '2025-09-18 00:48:59'
}
{
  component: 'events',
  service: 'discord-bot',
  type: 3,
  isChatInput: false,
  userId: '417296513270808580',
  guildId: '1413584793542856856',
  level: 'info',
  message: 'Incoming interaction',
  timestamp: '2025-09-18 00:48:59'
}
{
  component: 'events',
  service: 'discord-bot',
  eventType: 'select_menu',
  data: {
    customId: 'payment_select',
    selectedValues: [ 'crypto' ],
    userId: '417296513270808580',
    guildId: '1413584793542856856'
  },
  success: true,
  level: 'info',
  message: 'Event processed',
  timestamp: '2025-09-18 00:48:59'
}
{
  component: 'api',
  service: 'discord-bot',
  endpoint: '/api/bot-service/templates/1413584793542856856',
  method: 'GET',
  success: true,
  responseTime: '559ms',
  level: 'info',
  message: 'API call completed',
  timestamp: '2025-09-18 00:49:00'
}
{
  component: 'events',
  service: 'discord-bot',
  error: "Cannot destructure property 'emoji' of 'selectMenuOption' as it is undefined.",
  stack: "TypeError: Cannot destructure property 'emoji' of 'selectMenuOption' as it is undefined.\n" +
    '    at Function.normalizeEmoji (C:\\Users\\pmp\\Desktop\\EC-fina\\node_modules\\discord.js\\src\\structures\\StringSelectMenuBuilder.js:36:13)\n' +
    '    at C:\\Users\\pmp\\Desktop\\EC-fina\\node_modules\\discord.js\\src\\structures\\StringSelectMenuBuilder.js:49:91\n' +
    '    at Array.map (<anonymous>)\n' +
    '    at StringSelectMenuBuilder.addOptions (C:\\Users\\pmp\\Desktop\\EC-fina\\node_modules\\discord.js\\src\\structures\\StringSelectMenuBuilder.js:49:53)\n' +
    '    at InteractionHandler.handlePaymentSelect (C:\\Users\\pmp\\Desktop\\EC-fina\\packages\\bot\\src\\handlers\\interactionHandler.ts:1077:20)\n' +
    '    at processTicksAndRejections (node:internal/process/task_queues:105:5)\n' +
    '    at async InteractionHandler.handleSelectMenu (C:\\Users\\pmp\\Desktop\\EC-fina\\packages\\bot\\src\\handlers\\interactionHandler.ts:359:17)\n' +
    '    at async InteractionHandler.handleInteraction (C:\\Users\\pmp\\Desktop\\EC-fina\\packages\\bot\\src\\handlers\\interactionHandler.ts:180:17)\n' +
    '    at async Client.<anonymous> (C:\\Users\\pmp\\Desktop\\EC-fina\\packages\\bot\\src\\index.ts:67:13)',
  level: 'error',
  message: 'payment_select failed',
  timestamp: '2025-09-18 00:49:00'
}
{
  message: 'Received SIGINT, shutting down gracefully...',
  level: 'info',
  service: 'discord-bot',
  timestamp: '2025-09-18 00:51:36'
}
{
  message: 'Bot is ready! Logged in as Ecbot#8830',
  level: 'info',
  service: 'discord-bot',
  timestamp: '2025-09-18 00:51:53'
}
{
  message: 'Bot is in 3 guilds',
  level: 'info',
  service: 'discord-bot',
  timestamp: '2025-09-18 00:51:53'
}
{
  service: 'discord-bot',
  appId: '1390575948134350928',
  cfgId: '1390575948134350928',
  invite: 'https://discord.com/api/oauth2/authorize?client_id=1390575948134350928&scope=bot%20applications.commands&permissions=0',
  level: 'info',
  message: 'Discord IDs and Invite URL',
  timestamp: '2025-09-18 00:51:53'
}
{
  message: 'Loaded command: admin',
  level: 'info',
  service: 'discord-bot',
  timestamp: '2025-09-18 00:51:53'
}
{
  message: 'Loaded command: link',
  level: 'info',
  service: 'discord-bot',
  timestamp: '2025-09-18 00:51:53'
}
{
  message: 'Loaded command: shop',
  level: 'info',
  service: 'discord-bot',
  timestamp: '2025-09-18 00:51:53'
}
{
  message: 'Loaded 3 commands',
  level: 'info',
  service: 'discord-bot',
  timestamp: '2025-09-18 00:51:53'
}
{
  service: 'discord-bot',
  guildId: '1413584793542856856',
  level: 'info',
  message: 'Refreshing guild (/) commands',
  timestamp: '2025-09-18 00:51:53'
}
{
  service: 'discord-bot',
  guildId: '1413584793542856856',
  level: 'info',
  message: 'Successfully reloaded 3 guild (/) commands',
  timestamp: '2025-09-18 00:51:53'
}
{
  message: 'Refreshing global application (/) commands',
  level: 'info',
  service: 'discord-bot',
  timestamp: '2025-09-18 00:51:53'
}
{
  message: 'Successfully reloaded 3 global application (/) commands',
  level: 'info',
  service: 'discord-bot',
  timestamp: '2025-09-18 00:51:54'
}
{
  component: 'api',
  service: 'discord-bot',
  endpoint: '/api/bot-service/auth',
  method: 'POST',
  success: true,
  responseTime: '27ms',
  level: 'info',
  message: 'API call completed',
  timestamp: '2025-09-18 00:51:54'
}
{
  component: 'api',
  message: 'Successfully authenticated with backend API',
  level: 'info',
  service: 'discord-bot',
  timestamp: '2025-09-18 00:51:54'
}
{
  message: 'Successfully authenticated with backend API',
  level: 'info',
  service: 'discord-bot',
  timestamp: '2025-09-18 00:51:54'
}
{
  message: 'Bot initialization complete',
  level: 'info',
  service: 'discord-bot',
  timestamp: '2025-09-18 00:51:54'
}
{
  service: 'discord-bot',
  t: 'INTERACTION_CREATE',
  level: 'info',
  message: 'raw INTERACTION packet',
  timestamp: '2025-09-18 00:52:01'
}
{
  service: 'discord-bot',
  type: 3,
  isChatInput: false,
  userId: '417296513270808580',
  guildId: '1413584793542856856',
  level: 'info',
  message: 'interactionCreate received',
  timestamp: '2025-09-18 00:52:01'
}
{
  component: 'events',
  service: 'discord-bot',
  type: 3,
  isChatInput: false,
  userId: '417296513270808580',
  guildId: '1413584793542856856',
  level: 'info',
  message: 'Incoming interaction',
  timestamp: '2025-09-18 00:52:01'
}
{
  component: 'events',
  service: 'discord-bot',
  eventType: 'select_menu',
  data: {
    customId: 'product_select',
    selectedValues: [ 'd096360d-1c81-4cd9-8014-757295ecf57f' ],
    userId: '417296513270808580',
    guildId: '1413584793542856856'
  },
  success: true,
  level: 'info',
  message: 'Event processed',
  timestamp: '2025-09-18 00:52:02'
}
{
  component: 'api',
  service: 'discord-bot',
  endpoint: '/api/bot-service/categories/1413584793542856856',
  method: 'GET',
  success: true,
  responseTime: '1269ms',
  level: 'info',
  message: 'API call completed',
  timestamp: '2025-09-18 00:52:03'
}
{
  component: 'api',
  service: 'discord-bot',
  endpoint: '/api/bot-service/products/1413584793542856856',
  method: 'GET',
  success: true,
  responseTime: '1712ms',
  level: 'info',
  message: 'API call completed',
  timestamp: '2025-09-18 00:52:03'
}
{
  service: 'discord-bot',
  t: 'INTERACTION_CREATE',
  level: 'info',
  message: 'raw INTERACTION packet',
  timestamp: '2025-09-18 00:52:06'
}
{
  service: 'discord-bot',
  type: 3,
  isChatInput: false,
  userId: '417296513270808580',
  guildId: '1413584793542856856',
  level: 'info',
  message: 'interactionCreate received',
  timestamp: '2025-09-18 00:52:06'
}
{
  component: 'events',
  service: 'discord-bot',
  type: 3,
  isChatInput: false,
  userId: '417296513270808580',
  guildId: '1413584793542856856',
  level: 'info',
  message: 'Incoming interaction',
  timestamp: '2025-09-18 00:52:06'
}
{
  component: 'events',
  service: 'discord-bot',
  eventType: 'select_menu',
  data: {
    customId: 'payment_select',
    selectedValues: [ 'crypto' ],
    userId: '417296513270808580',
    guildId: '1413584793542856856'
  },
  success: true,
  level: 'info',
  message: 'Event processed',
  timestamp: '2025-09-18 00:52:06'
}
{
  component: 'events',
  service: 'discord-bot',
  error: 'The reply to this interaction has already been sent or deferred.',
  stack: 'Error [InteractionAlreadyReplied]: The reply to this interaction has already been sent or deferred.\n' +
    '    at StringSelectMenuInteraction.reply (C:\\Users\\pmp\\Desktop\\EC-fina\\node_modules\\discord.js\\src\\structures\\interfaces\\InteractionResponses.js:169:46)\n' +
    '    at InteractionHandler.handlePaymentSelect (C:\\Users\\pmp\\Desktop\\EC-fina\\packages\\bot\\src\\handlers\\interactionHandler.ts:993:39)\n' +
    '    at InteractionHandler.handleSelectMenu (C:\\Users\\pmp\\Desktop\\EC-fina\\packages\\bot\\src\\handlers\\interactionHandler.ts:359:28)\n' +
    '    at processTicksAndRejections (node:internal/process/task_queues:105:5)\n' +
    '    at async InteractionHandler.handleInteraction (C:\\Users\\pmp\\Desktop\\EC-fina\\packages\\bot\\src\\handlers\\interactionHandler.ts:180:17)\n' +
    '    at async Client.<anonymous> (C:\\Users\\pmp\\Desktop\\EC-fina\\packages\\bot\\src\\index.ts:67:13)',
  level: 'error',
  message: 'payment_select failed',
  timestamp: '2025-09-18 00:52:06'
}
{
  message: 'Received SIGINT, shutting down gracefully...',
  level: 'info',
  service: 'discord-bot',
  timestamp: '2025-09-18 00:54:55'
}
{
  message: 'Bot is ready! Logged in as Ecbot#8830',
  level: 'info',
  service: 'discord-bot',
  timestamp: '2025-09-18 00:55:02'
}
{
  message: 'Bot is in 3 guilds',
  level: 'info',
  service: 'discord-bot',
  timestamp: '2025-09-18 00:55:02'
}
{
  service: 'discord-bot',
  appId: '1390575948134350928',
  cfgId: '1390575948134350928',
  invite: 'https://discord.com/api/oauth2/authorize?client_id=1390575948134350928&scope=bot%20applications.commands&permissions=0',
  level: 'info',
  message: 'Discord IDs and Invite URL',
  timestamp: '2025-09-18 00:55:02'
}
{
  message: 'Loaded command: admin',
  level: 'info',
  service: 'discord-bot',
  timestamp: '2025-09-18 00:55:02'
}
{
  message: 'Loaded command: link',
  level: 'info',
  service: 'discord-bot',
  timestamp: '2025-09-18 00:55:02'
}
{
  message: 'Loaded command: shop',
  level: 'info',
  service: 'discord-bot',
  timestamp: '2025-09-18 00:55:02'
}
{
  message: 'Loaded 3 commands',
  level: 'info',
  service: 'discord-bot',
  timestamp: '2025-09-18 00:55:02'
}
{
  service: 'discord-bot',
  guildId: '1413584793542856856',
  level: 'info',
  message: 'Refreshing guild (/) commands',
  timestamp: '2025-09-18 00:55:02'
}
{
  service: 'discord-bot',
  guildId: '1413584793542856856',
  level: 'info',
  message: 'Successfully reloaded 3 guild (/) commands',
  timestamp: '2025-09-18 00:55:02'
}
{
  message: 'Refreshing global application (/) commands',
  level: 'info',
  service: 'discord-bot',
  timestamp: '2025-09-18 00:55:02'
}
{
  message: 'Successfully reloaded 3 global application (/) commands',
  level: 'info',
  service: 'discord-bot',
  timestamp: '2025-09-18 00:55:03'
}
{
  component: 'api',
  service: 'discord-bot',
  endpoint: '/api/bot-service/auth',
  method: 'POST',
  success: true,
  responseTime: '13ms',
  level: 'info',
  message: 'API call completed',
  timestamp: '2025-09-18 00:55:03'
}
{
  component: 'api',
  message: 'Successfully authenticated with backend API',
  level: 'info',
  service: 'discord-bot',
  timestamp: '2025-09-18 00:55:03'
}
{
  message: 'Successfully authenticated with backend API',
  level: 'info',
  service: 'discord-bot',
  timestamp: '2025-09-18 00:55:03'
}
{
  message: 'Bot initialization complete',
  level: 'info',
  service: 'discord-bot',
  timestamp: '2025-09-18 00:55:03'
}
{
  service: 'discord-bot',
  t: 'INTERACTION_CREATE',
  level: 'info',
  message: 'raw INTERACTION packet',
  timestamp: '2025-09-18 00:55:08'
}
{
  service: 'discord-bot',
  type: 2,
  isChatInput: true,
  userId: '417296513270808580',
  guildId: '1413584793542856856',
  level: 'info',
  message: 'interactionCreate received',
  timestamp: '2025-09-18 00:55:08'
}
{
  component: 'events',
  service: 'discord-bot',
  type: 2,
  isChatInput: true,
  userId: '417296513270808580',
  guildId: '1413584793542856856',
  level: 'info',
  message: 'Incoming interaction',
  timestamp: '2025-09-18 00:55:08'
}
{
  component: 'events',
  service: 'discord-bot',
  eventType: 'slash_command',
  data: {
    command: 'shop',
    userId: '417296513270808580',
    guildId: '1413584793542856856'
  },
  success: true,
  level: 'info',
  message: 'Event processed',
  timestamp: '2025-09-18 00:55:08'
}
{
  component: 'commands',
  service: 'discord-bot',
  userId: '417296513270808580',
  username: 'gobo0812',
  guildId: '1413584793542856856',
  guildName: 'Wiko的服务器',
  level: 'info',
  message: 'Executing command: shop',
  timestamp: '2025-09-18 00:55:08'
}
{
  component: 'api',
  service: 'discord-bot',
  endpoint: '/api/bot-service/categories/1413584793542856856',
  method: 'GET',
  success: true,
  responseTime: '1221ms',
  level: 'info',
  message: 'API call completed',
  timestamp: '2025-09-18 00:55:10'
}
{
  component: 'api',
  service: 'discord-bot',
  endpoint: '/api/bot-service/products/1413584793542856856',
  method: 'GET',
  success: true,
  responseTime: '1488ms',
  level: 'info',
  message: 'API call completed',
  timestamp: '2025-09-18 00:55:10'
}
{
  component: 'api',
  service: 'discord-bot',
  endpoint: '/api/bot-service/templates/1413584793542856856',
  method: 'GET',
  success: true,
  responseTime: '178ms',
  level: 'info',
  message: 'API call completed',
  timestamp: '2025-09-18 00:55:10'
}
{
  component: 'commands',
  service: 'discord-bot',
  resolvedLayout: 'horizontal',
  rawMode: 'horizontal',
  modeStr: 'horizontal',
  showProducts: true,
  hasMenuTmpl: true,
  hasGlobalPds: true,
  pdsOwnerId: null,
  pds: { displayMode: 'horizontal', showProducts: true },
  level: 'info',
  message: 'Shop browse layout',
  timestamp: '2025-09-18 00:55:10'
}
{
  component: 'commands',
  service: 'discord-bot',
  command: 'shop_browse',
  userId: '417296513270808580',
  guildId: '1413584793542856856',
  success: true,
  error: undefined,
  level: 'info',
  message: 'Shop command executed',
  timestamp: '2025-09-18 00:55:11'
}
{
  component: 'commands',
  service: 'discord-bot',
  command: 'shop',
  userId: '417296513270808580',
  guildId: '1413584793542856856',
  success: true,
  level: 'info',
  message: 'Command executed',
  timestamp: '2025-09-18 00:55:11'
}
{
  service: 'discord-bot',
  t: 'INTERACTION_CREATE',
  level: 'info',
  message: 'raw INTERACTION packet',
  timestamp: '2025-09-18 00:55:13'
}
{
  service: 'discord-bot',
  type: 3,
  isChatInput: false,
  userId: '417296513270808580',
  guildId: '1413584793542856856',
  level: 'info',
  message: 'interactionCreate received',
  timestamp: '2025-09-18 00:55:13'
}
{
  component: 'events',
  service: 'discord-bot',
  type: 3,
  isChatInput: false,
  userId: '417296513270808580',
  guildId: '1413584793542856856',
  level: 'info',
  message: 'Incoming interaction',
  timestamp: '2025-09-18 00:55:13'
}
{
  component: 'events',
  service: 'discord-bot',
  eventType: 'select_menu',
  data: {
    customId: 'category_select',
    selectedValues: [ 'c6e5e41f-39a7-4ace-8685-1adf048751be' ],
    userId: '417296513270808580',
    guildId: '1413584793542856856'
  },
  success: true,
  level: 'info',
  message: 'Event processed',
  timestamp: '2025-09-18 00:55:14'
}
{
  service: 'discord-bot',
  t: 'INTERACTION_CREATE',
  level: 'info',
  message: 'raw INTERACTION packet',
  timestamp: '2025-09-18 00:55:16'
}
{
  service: 'discord-bot',
  type: 3,
  isChatInput: false,
  userId: '417296513270808580',
  guildId: '1413584793542856856',
  level: 'info',
  message: 'interactionCreate received',
  timestamp: '2025-09-18 00:55:16'
}
{
  component: 'events',
  service: 'discord-bot',
  type: 3,
  isChatInput: false,
  userId: '417296513270808580',
  guildId: '1413584793542856856',
  level: 'info',
  message: 'Incoming interaction',
  timestamp: '2025-09-18 00:55:16'
}
{
  component: 'events',
  service: 'discord-bot',
  eventType: 'select_menu',
  data: {
    customId: 'product_select',
    selectedValues: [ 'd096360d-1c81-4cd9-8014-757295ecf57f' ],
    userId: '417296513270808580',
    guildId: '1413584793542856856'
  },
  success: true,
  level: 'info',
  message: 'Event processed',
  timestamp: '2025-09-18 00:55:16'
}
{
  service: 'discord-bot',
  t: 'INTERACTION_CREATE',
  level: 'info',
  message: 'raw INTERACTION packet',
  timestamp: '2025-09-18 00:55:18'
}
{
  service: 'discord-bot',
  type: 3,
  isChatInput: false,
  userId: '417296513270808580',
  guildId: '1413584793542856856',
  level: 'info',
  message: 'interactionCreate received',
  timestamp: '2025-09-18 00:55:18'
}
{
  component: 'events',
  service: 'discord-bot',
  type: 3,
  isChatInput: false,
  userId: '417296513270808580',
  guildId: '1413584793542856856',
  level: 'info',
  message: 'Incoming interaction',
  timestamp: '2025-09-18 00:55:18'
}
{
  component: 'events',
  service: 'discord-bot',
  eventType: 'select_menu',
  data: {
    customId: 'payment_select',
    selectedValues: [ 'crypto' ],
    userId: '417296513270808580',
    guildId: '1413584793542856856'
  },
  success: true,
  level: 'info',
  message: 'Event processed',
  timestamp: '2025-09-18 00:55:18'
}
{
  component: 'api',
  service: 'discord-bot',
  endpoint: '/api/bot-service/templates/1413584793542856856',
  method: 'GET',
  success: true,
  responseTime: '494ms',
  level: 'info',
  message: 'API call completed',
  timestamp: '2025-09-18 00:55:19'
}
{
  message: 'Received SIGINT, shutting down gracefully...',
  level: 'info',
  service: 'discord-bot',
  timestamp: '2025-09-18 08:06:04'
}
{
  message: 'Bot is ready! Logged in as Ecbot#8830',
  level: 'info',
  service: 'discord-bot',
  timestamp: '2025-09-18 08:06:20'
}
{
  message: 'Bot is in 3 guilds',
  level: 'info',
  service: 'discord-bot',
  timestamp: '2025-09-18 08:06:20'
}
{
  service: 'discord-bot',
  appId: '1390575948134350928',
  cfgId: '1390575948134350928',
  invite: 'https://discord.com/api/oauth2/authorize?client_id=1390575948134350928&scope=bot%20applications.commands&permissions=0',
  level: 'info',
  message: 'Discord IDs and Invite URL',
  timestamp: '2025-09-18 08:06:20'
}
{
  message: 'Loaded command: admin',
  level: 'info',
  service: 'discord-bot',
  timestamp: '2025-09-18 08:06:20'
}
{
  message: 'Loaded command: link',
  level: 'info',
  service: 'discord-bot',
  timestamp: '2025-09-18 08:06:20'
}
{
  message: 'Loaded command: shop',
  level: 'info',
  service: 'discord-bot',
  timestamp: '2025-09-18 08:06:20'
}
{
  message: 'Loaded 3 commands',
  level: 'info',
  service: 'discord-bot',
  timestamp: '2025-09-18 08:06:20'
}
{
  service: 'discord-bot',
  guildId: '1413584793542856856',
  level: 'info',
  message: 'Refreshing guild (/) commands',
  timestamp: '2025-09-18 08:06:20'
}
{
  service: 'discord-bot',
  guildId: '1413584793542856856',
  level: 'info',
  message: 'Successfully reloaded 3 guild (/) commands',
  timestamp: '2025-09-18 08:06:20'
}
{
  message: 'Refreshing global application (/) commands',
  level: 'info',
  service: 'discord-bot',
  timestamp: '2025-09-18 08:06:20'
}
{
  message: 'Successfully reloaded 3 global application (/) commands',
  level: 'info',
  service: 'discord-bot',
  timestamp: '2025-09-18 08:06:21'
}
{
  component: 'api',
  service: 'discord-bot',
  endpoint: '/api/bot-service/auth',
  method: 'POST',
  success: true,
  responseTime: '29ms',
  level: 'info',
  message: 'API call completed',
  timestamp: '2025-09-18 08:06:21'
}
{
  component: 'api',
  message: 'Successfully authenticated with backend API',
  level: 'info',
  service: 'discord-bot',
  timestamp: '2025-09-18 08:06:21'
}
{
  message: 'Successfully authenticated with backend API',
  level: 'info',
  service: 'discord-bot',
  timestamp: '2025-09-18 08:06:21'
}
{
  message: 'Bot initialization complete',
  level: 'info',
  service: 'discord-bot',
  timestamp: '2025-09-18 08:06:21'
}
{
  message: 'Received SIGINT, shutting down gracefully...',
  level: 'info',
  service: 'discord-bot',
  timestamp: '2025-09-18 08:16:14'
}
{
  message: 'Bot is ready! Logged in as Ecbot#8830',
  level: 'info',
  service: 'discord-bot',
  timestamp: '2025-09-18 18:32:34'
}
{
  message: 'Bot is in 3 guilds',
  level: 'info',
  service: 'discord-bot',
  timestamp: '2025-09-18 18:32:34'
}
{
  service: 'discord-bot',
  appId: '1390575948134350928',
  cfgId: '1390575948134350928',
  invite: 'https://discord.com/api/oauth2/authorize?client_id=1390575948134350928&scope=bot%20applications.commands&permissions=0',
  level: 'info',
  message: 'Discord IDs and Invite URL',
  timestamp: '2025-09-18 18:32:34'
}
{
  message: 'Loaded command: admin',
  level: 'info',
  service: 'discord-bot',
  timestamp: '2025-09-18 18:32:34'
}
{
  message: 'Loaded command: link',
  level: 'info',
  service: 'discord-bot',
  timestamp: '2025-09-18 18:32:34'
}
{
  message: 'Loaded command: shop',
  level: 'info',
  service: 'discord-bot',
  timestamp: '2025-09-18 18:32:34'
}
{
  message: 'Loaded 3 commands',
  level: 'info',
  service: 'discord-bot',
  timestamp: '2025-09-18 18:32:34'
}
{
  service: 'discord-bot',
  guildId: '1413584793542856856',
  level: 'info',
  message: 'Refreshing guild (/) commands',
  timestamp: '2025-09-18 18:32:34'
}
{
  service: 'discord-bot',
  guildId: '1413584793542856856',
  level: 'info',
  message: 'Successfully reloaded 3 guild (/) commands',
  timestamp: '2025-09-18 18:32:35'
}
{
  message: 'Refreshing global application (/) commands',
  level: 'info',
  service: 'discord-bot',
  timestamp: '2025-09-18 18:32:35'
}
{
  message: 'Successfully reloaded 3 global application (/) commands',
  level: 'info',
  service: 'discord-bot',
  timestamp: '2025-09-18 18:32:37'
}
{
  component: 'api',
  service: 'discord-bot',
  endpoint: '/api/bot-service/auth',
  method: 'POST',
  success: true,
  responseTime: '28ms',
  level: 'info',
  message: 'API call completed',
  timestamp: '2025-09-18 18:32:37'
}
{
  component: 'api',
  message: 'Successfully authenticated with backend API',
  level: 'info',
  service: 'discord-bot',
  timestamp: '2025-09-18 18:32:37'
}
{
  message: 'Successfully authenticated with backend API',
  level: 'info',
  service: 'discord-bot',
  timestamp: '2025-09-18 18:32:37'
}
{
  message: 'Bot initialization complete',
  level: 'info',
  service: 'discord-bot',
  timestamp: '2025-09-18 18:32:37'
}
