{
  component: 'events',
  service: 'discord-bot',
  coinCount: 20,
  coins: [
    'ALGO',  'BTC',   'ETH',
    'AVAX',  'BNB',   'ADA',
    'CELO',  'DOGE',  'FTM',
    'FLR',   'KAI',   'LTC',
    'MATIC', 'XRP',   'SOL',
    'XLM',   'TRX',   'USDT',
    'USDC',  'PYUSD'
  ],
  backend: 'http://localhost:3001',
  hasToken: true,
  level: 'info',
  message: 'Successfully loaded Tatum supported coins',
  timestamp: '2025-09-21 00:21:30'
}
{
  message: 'Bot is ready! Logged in as Ecbot#8830',
  level: 'info',
  service: 'discord-bot',
  timestamp: '2025-09-21 00:21:32'
}
{
  message: 'Bot is in 4 guilds',
  level: 'info',
  service: 'discord-bot',
  timestamp: '2025-09-21 00:21:32'
}
{
  service: 'discord-bot',
  appId: '1390575948134350928',
  cfgId: '1390575948134350928',
  invite: 'https://discord.com/api/oauth2/authorize?client_id=1390575948134350928&scope=bot%20applications.commands&permissions=0',
  level: 'info',
  message: 'Discord IDs and Invite URL',
  timestamp: '2025-09-21 00:21:32'
}
{
  message: 'Loaded command: admin',
  level: 'info',
  service: 'discord-bot',
  timestamp: '2025-09-21 00:21:32'
}
{
  message: 'Loaded command: link',
  level: 'info',
  service: 'discord-bot',
  timestamp: '2025-09-21 00:21:32'
}
{
  message: 'Loaded command: shop',
  level: 'info',
  service: 'discord-bot',
  timestamp: '2025-09-21 00:21:32'
}
{
  message: 'Loaded 3 commands',
  level: 'info',
  service: 'discord-bot',
  timestamp: '2025-09-21 00:21:32'
}
{
  service: 'discord-bot',
  guildId: '1413584793542856856',
  level: 'info',
  message: 'Refreshing guild (/) commands',
  timestamp: '2025-09-21 00:21:32'
}
{
  service: 'discord-bot',
  guildId: '1413584793542856856',
  level: 'info',
  message: 'Successfully reloaded 3 guild (/) commands',
  timestamp: '2025-09-21 00:21:32'
}
{
  message: 'Refreshing global application (/) commands',
  level: 'info',
  service: 'discord-bot',
  timestamp: '2025-09-21 00:21:32'
}
{
  message: 'Successfully reloaded 3 global application (/) commands',
  level: 'info',
  service: 'discord-bot',
  timestamp: '2025-09-21 00:21:33'
}
{
  component: 'api',
  service: 'discord-bot',
  endpoint: '/api/bot-service/auth',
  method: 'POST',
  success: true,
  responseTime: '27ms',
  level: 'info',
  message: 'API call completed',
  timestamp: '2025-09-21 00:21:33'
}
{
  component: 'api',
  message: 'Successfully authenticated with backend API',
  level: 'info',
  service: 'discord-bot',
  timestamp: '2025-09-21 00:21:33'
}
{
  message: 'Successfully authenticated with backend API',
  level: 'info',
  service: 'discord-bot',
  timestamp: '2025-09-21 00:21:33'
}
{
  message: 'Bot initialization complete',
  level: 'info',
  service: 'discord-bot',
  timestamp: '2025-09-21 00:21:33'
}
{
  service: 'discord-bot',
  t: 'INTERACTION_CREATE',
  level: 'info',
  message: 'raw INTERACTION packet',
  timestamp: '2025-09-21 00:24:18'
}
{
  service: 'discord-bot',
  type: 2,
  isChatInput: true,
  userId: '417296513270808580',
  guildId: '417297319814496256',
  level: 'info',
  message: 'interactionCreate received',
  timestamp: '2025-09-21 00:24:18'
}
{
  component: 'events',
  service: 'discord-bot',
  type: 2,
  isChatInput: true,
  userId: '417296513270808580',
  guildId: '417297319814496256',
  level: 'info',
  message: 'Incoming interaction',
  timestamp: '2025-09-21 00:24:18'
}
{
  component: 'events',
  service: 'discord-bot',
  eventType: 'slash_command',
  data: {
    command: 'shop',
    userId: '417296513270808580',
    guildId: '417297319814496256'
  },
  success: true,
  level: 'info',
  message: 'Event processed',
  timestamp: '2025-09-21 00:24:18'
}
{
  component: 'commands',
  service: 'discord-bot',
  userId: '417296513270808580',
  username: 'gobo0812',
  guildId: '417297319814496256',
  guildName: 'Socialist cocaine',
  level: 'info',
  message: 'Executing command: shop',
  timestamp: '2025-09-21 00:24:18'
}
{
  component: 'api',
  service: 'discord-bot',
  endpoint: '/api/bot-service/categories/417297319814496256',
  method: 'GET',
  success: true,
  responseTime: '2026ms',
  level: 'info',
  message: 'API call completed',
  timestamp: '2025-09-21 00:24:21'
}
{
  component: 'api',
  service: 'discord-bot',
  endpoint: '/api/bot-service/products/417297319814496256',
  method: 'GET',
  success: true,
  responseTime: '2785ms',
  level: 'info',
  message: 'API call completed',
  timestamp: '2025-09-21 00:24:22'
}
{
  component: 'api',
  service: 'discord-bot',
  endpoint: '/api/bot-service/templates/417297319814496256',
  method: 'GET',
  success: true,
  responseTime: '539ms',
  level: 'info',
  message: 'API call completed',
  timestamp: '2025-09-21 00:24:22'
}
{
  component: 'commands',
  service: 'discord-bot',
  resolvedLayout: 'horizontal',
  rawMode: 'horizontal',
  modeStr: 'horizontal',
  showProducts: true,
  hasMenuTmpl: true,
  hasGlobalPds: true,
  pdsOwnerId: null,
  pds: { displayMode: 'horizontal', showProducts: true },
  level: 'info',
  message: 'Shop browse layout',
  timestamp: '2025-09-21 00:24:22'
}
{
  component: 'commands',
  service: 'discord-bot',
  command: 'shop_browse',
  userId: '417296513270808580',
  guildId: '417297319814496256',
  success: true,
  error: undefined,
  level: 'info',
  message: 'Shop command executed',
  timestamp: '2025-09-21 00:24:23'
}
{
  component: 'commands',
  service: 'discord-bot',
  command: 'shop',
  userId: '417296513270808580',
  guildId: '417297319814496256',
  success: true,
  level: 'info',
  message: 'Command executed',
  timestamp: '2025-09-21 00:24:23'
}
{
  service: 'discord-bot',
  t: 'INTERACTION_CREATE',
  level: 'info',
  message: 'raw INTERACTION packet',
  timestamp: '2025-09-21 00:24:25'
}
{
  service: 'discord-bot',
  type: 3,
  isChatInput: false,
  userId: '417296513270808580',
  guildId: '417297319814496256',
  level: 'info',
  message: 'interactionCreate received',
  timestamp: '2025-09-21 00:24:25'
}
{
  component: 'events',
  service: 'discord-bot',
  type: 3,
  isChatInput: false,
  userId: '417296513270808580',
  guildId: '417297319814496256',
  level: 'info',
  message: 'Incoming interaction',
  timestamp: '2025-09-21 00:24:25'
}
{
  component: 'events',
  service: 'discord-bot',
  eventType: 'select_menu',
  data: {
    customId: 'category_select',
    selectedValues: [ '908f7077-382f-4538-8251-24962dcb7bf4' ],
    userId: '417296513270808580',
    guildId: '417297319814496256'
  },
  success: true,
  level: 'info',
  message: 'Event processed',
  timestamp: '2025-09-21 00:24:26'
}
{
  service: 'discord-bot',
  t: 'INTERACTION_CREATE',
  level: 'info',
  message: 'raw INTERACTION packet',
  timestamp: '2025-09-21 00:24:30'
}
{
  service: 'discord-bot',
  type: 3,
  isChatInput: false,
  userId: '417296513270808580',
  guildId: '417297319814496256',
  level: 'info',
  message: 'interactionCreate received',
  timestamp: '2025-09-21 00:24:30'
}
{
  component: 'events',
  service: 'discord-bot',
  type: 3,
  isChatInput: false,
  userId: '417296513270808580',
  guildId: '417297319814496256',
  level: 'info',
  message: 'Incoming interaction',
  timestamp: '2025-09-21 00:24:30'
}
{
  component: 'events',
  service: 'discord-bot',
  eventType: 'select_menu',
  data: {
    customId: 'product_select',
    selectedValues: [ 'f5a24cd3-6b3c-4c17-9db8-4199f45acf61' ],
    userId: '417296513270808580',
    guildId: '417297319814496256'
  },
  success: true,
  level: 'info',
  message: 'Event processed',
  timestamp: '2025-09-21 00:24:32'
}
{
  service: 'discord-bot',
  t: 'INTERACTION_CREATE',
  level: 'info',
  message: 'raw INTERACTION packet',
  timestamp: '2025-09-21 00:24:35'
}
{
  service: 'discord-bot',
  type: 3,
  isChatInput: false,
  userId: '417296513270808580',
  guildId: '417297319814496256',
  level: 'info',
  message: 'interactionCreate received',
  timestamp: '2025-09-21 00:24:35'
}
{
  component: 'events',
  service: 'discord-bot',
  type: 3,
  isChatInput: false,
  userId: '417296513270808580',
  guildId: '417297319814496256',
  level: 'info',
  message: 'Incoming interaction',
  timestamp: '2025-09-21 00:24:35'
}
{
  component: 'events',
  service: 'discord-bot',
  eventType: 'select_menu',
  data: {
    customId: 'payment_select',
    selectedValues: [ 'crypto' ],
    userId: '417296513270808580',
    guildId: '417297319814496256'
  },
  success: true,
  level: 'info',
  message: 'Event processed',
  timestamp: '2025-09-21 00:24:35'
}
{
  component: 'api',
  service: 'discord-bot',
  endpoint: '/api/bot-service/templates/417297319814496256',
  method: 'GET',
  success: true,
  responseTime: '706ms',
  level: 'info',
  message: 'API call completed',
  timestamp: '2025-09-21 00:24:36'
}
{
  service: 'discord-bot',
  t: 'INTERACTION_CREATE',
  level: 'info',
  message: 'raw INTERACTION packet',
  timestamp: '2025-09-21 00:25:13'
}
{
  service: 'discord-bot',
  type: 3,
  isChatInput: false,
  userId: '417296513270808580',
  guildId: '417297319814496256',
  level: 'info',
  message: 'interactionCreate received',
  timestamp: '2025-09-21 00:25:13'
}
{
  component: 'events',
  service: 'discord-bot',
  type: 3,
  isChatInput: false,
  userId: '417296513270808580',
  guildId: '417297319814496256',
  level: 'info',
  message: 'Incoming interaction',
  timestamp: '2025-09-21 00:25:13'
}
{
  component: 'events',
  service: 'discord-bot',
  eventType: 'select_menu',
  data: {
    customId: 'network_select',
    selectedValues: [ 'ethereum-sepolia' ],
    userId: '417296513270808580',
    guildId: '417297319814496256'
  },
  success: true,
  level: 'info',
  message: 'Event processed',
  timestamp: '2025-09-21 00:25:13'
}
{
  component: 'api',
  service: 'discord-bot',
  endpoint: '/api/bot-service/templates/417297319814496256',
  method: 'GET',
  success: true,
  responseTime: '1122ms',
  level: 'info',
  message: 'API call completed',
  timestamp: '2025-09-21 00:25:14'
}
{
  service: 'discord-bot',
  t: 'INTERACTION_CREATE',
  level: 'info',
  message: 'raw INTERACTION packet',
  timestamp: '2025-09-21 00:25:20'
}
{
  service: 'discord-bot',
  type: 3,
  isChatInput: false,
  userId: '417296513270808580',
  guildId: '417297319814496256',
  level: 'info',
  message: 'interactionCreate received',
  timestamp: '2025-09-21 00:25:20'
}
{
  component: 'events',
  service: 'discord-bot',
  type: 3,
  isChatInput: false,
  userId: '417296513270808580',
  guildId: '417297319814496256',
  level: 'info',
  message: 'Incoming interaction',
  timestamp: '2025-09-21 00:25:20'
}
{
  component: 'events',
  service: 'discord-bot',
  eventType: 'button_click',
  data: {
    customId: 'confirm_order',
    userId: '417296513270808580',
    guildId: '417297319814496256'
  },
  success: true,
  level: 'info',
  message: 'Event processed',
  timestamp: '2025-09-21 00:25:20'
}
{
  component: 'api',
  service: 'discord-bot',
  endpoint: '/api/bot-service/orders',
  method: 'POST',
  success: true,
  responseTime: '8906ms',
  level: 'info',
  message: 'API call completed',
  timestamp: '2025-09-21 00:25:30'
}
{
  component: 'api',
  service: 'discord-bot',
  endpoint: '/api/bot-service/orders/1bce937a-639b-440c-91c1-d1afbaf55e80',
  method: 'GET',
  success: true,
  responseTime: '487ms',
  level: 'info',
  message: 'API call completed',
  timestamp: '2025-09-21 00:25:31'
}
{
  component: 'api',
  service: 'discord-bot',
  endpoint: '/api/bot-service/templates/417297319814496256',
  method: 'GET',
  success: true,
  responseTime: '479ms',
  level: 'info',
  message: 'API call completed',
  timestamp: '2025-09-21 00:25:31'
}
{
  service: 'discord-bot',
  t: 'INTERACTION_CREATE',
  level: 'info',
  message: 'raw INTERACTION packet',
  timestamp: '2025-09-21 00:29:14'
}
{
  service: 'discord-bot',
  type: 3,
  isChatInput: false,
  userId: '417296513270808580',
  guildId: '417297319814496256',
  level: 'info',
  message: 'interactionCreate received',
  timestamp: '2025-09-21 00:29:14'
}
{
  component: 'events',
  service: 'discord-bot',
  type: 3,
  isChatInput: false,
  userId: '417296513270808580',
  guildId: '417297319814496256',
  level: 'info',
  message: 'Incoming interaction',
  timestamp: '2025-09-21 00:29:14'
}
{
  component: 'events',
  service: 'discord-bot',
  eventType: 'button_click',
  data: {
    customId: 'invoice_check',
    userId: '417296513270808580',
    guildId: '417297319814496256'
  },
  success: true,
  level: 'info',
  message: 'Event processed',
  timestamp: '2025-09-21 00:29:14'
}
{
  component: 'api',
  service: 'discord-bot',
  endpoint: '/api/bot-service/payments/1bce937a-639b-440c-91c1-d1afbaf55e80/check',
  method: 'POST',
  success: true,
  responseTime: '2160ms',
  level: 'info',
  message: 'API call completed',
  timestamp: '2025-09-21 00:29:17'
}
